<?xml version="1.0" encoding="UTF-8"?><testsuite errors="0" failures="0" name="com.studentapp.junit.CreateStudentsDataDrivenTest" skipped="0" tests="100" time="506.72" timestamp="2019-04-09 10:23:29"><testcase classname="com.studentapp.junit.CreateStudentsDataDrivenTest" name="DataDriven Test for adding multiple students to the Student App"><failure message="1 expectation failed.&#10;Expected status code &lt;201&gt; but was &lt;500&gt;.&#10;" type="java.lang.AssertionError">1 expectation failed.
Expected status code &lt;201&gt; but was &lt;500&gt;.
</failure><system-err>1 expectation failed.
Expected status code &lt;201&gt; but was &lt;500&gt;.
&#13;
io.restassured.internal.ResponseSpecificationImpl.validateResponseIfRequired(ResponseSpecificationImpl.groovy:656)&#13;
io.restassured.internal.ResponseSpecificationImpl.statusCode(ResponseSpecificationImpl.groovy:125)&#13;
io.restassured.internal.ResponseSpecificationImpl.statusCode(ResponseSpecificationImpl.groovy:133)&#13;
io.restassured.internal.ValidatableResponseOptionsImpl.statusCode(ValidatableResponseOptionsImpl.java:119)&#13;
com.studentapp.junit.CreateStudentsDataDrivenTest.createMultipleStudents(CreateStudentsDataDrivenTest.java:86)&#13;
</system-err></testcase></testsuite>