<?xml version="1.0" encoding="UTF-8"?><testsuite errors="0" failures="0" name="com.studentapp.junit.TagsTest" skipped="0" tests="3" time="8.19" timestamp="2019-04-08 01:45:33"><testcase classname="com.studentapp.junit.TagsTest" name="This test will provide an error code of 400 when user tries to access an invalid resource"/><testcase classname="com.studentapp.junit.TagsTest" name="Provide a 405 status code when incorrect HTTP method is used to access a resource"/><testcase classname="com.studentapp.junit.TagsTest" name="This test will verify if a status code of 200 is returned for GET request"/></testsuite>