<?xml version="1.0" encoding="UTF-8"?><testsuite errors="0" failures="0" name="com.studentapp.junit.StudentCRUDTest" skipped="0" tests="4" time="35.68" timestamp="2019-04-09 10:22:45"><testcase classname="com.studentapp.junit.StudentCRUDTest" name="This test will create a new student"/><testcase classname="com.studentapp.junit.StudentCRUDTest" name="Verify if the student was added to the application"/><testcase classname="com.studentapp.junit.StudentCRUDTest" name="Update the user information and verify the updated information!"/><testcase classname="com.studentapp.junit.StudentCRUDTest" name="Delete the student and verify if the student is deleted"/></testsuite>