-------------------------------------------------------------------------------
Test set: com.studentapp.junit.CreateStudentsDataDrivenTest
-------------------------------------------------------------------------------
Tests run: 100, Failures: 100, Errors: 0, Skipped: 0, Time elapsed: 64.751 s <<< FAILURE! - in com.studentapp.junit.CreateStudentsDataDrivenTest
createMultipleStudents[11](com.studentapp.junit.CreateStudentsDataDrivenTest)  Time elapsed: 31.834 s  <<< FAILURE!
java.lang.AssertionError: 
1 expectation failed.
Expected status code <201> but was <500>.

	at com.studentapp.junit.CreateStudentsDataDrivenTest.createMultipleStudents(CreateStudentsDataDrivenTest.java:86)

createMultipleStudents[9](com.studentapp.junit.CreateStudentsDataDrivenTest)  Time elapsed: 31.834 s  <<< FAILURE!
java.lang.AssertionError: 
1 expectation failed.
Expected status code <201> but was <500>.

	at com.studentapp.junit.CreateStudentsDataDrivenTest.createMultipleStudents(CreateStudentsDataDrivenTest.java:86)

createMultipleStudents[12](com.studentapp.junit.CreateStudentsDataDrivenTest)  Time elapsed: 34.371 s  <<< FAILURE!
java.lang.AssertionError: 
1 expectation failed.
Expected status code <201> but was <500>.

	at com.studentapp.junit.CreateStudentsDataDrivenTest.createMultipleStudents(CreateStudentsDataDrivenTest.java:86)

createMultipleStudents[14](com.studentapp.junit.CreateStudentsDataDrivenTest)  Time elapsed: 35.673 s  <<< FAILURE!
java.lang.AssertionError: 
1 expectation failed.
Expected status code <201> but was <500>.

	at com.studentapp.junit.CreateStudentsDataDrivenTest.createMultipleStudents(CreateStudentsDataDrivenTest.java:86)

createMultipleStudents[13](com.studentapp.junit.CreateStudentsDataDrivenTest)  Time elapsed: 0.015 s  <<< FAILURE!
java.lang.AssertionError: 
1 expectation failed.
Expected status code <201> but was <500>.

	at com.studentapp.junit.CreateStudentsDataDrivenTest.createMultipleStudents(CreateStudentsDataDrivenTest.java:86)

createMultipleStudents[5](com.studentapp.junit.CreateStudentsDataDrivenTest)  Time elapsed: 0.012 s  <<< FAILURE!
java.lang.AssertionError: 
1 expectation failed.
Expected status code <201> but was <500>.

	at com.studentapp.junit.CreateStudentsDataDrivenTest.createMultipleStudents(CreateStudentsDataDrivenTest.java:86)

createMultipleStudents[10](com.studentapp.junit.CreateStudentsDataDrivenTest)  Time elapsed: 0.011 s  <<< FAILURE!
java.lang.AssertionError: 
1 expectation failed.
Expected status code <201> but was <500>.

	at com.studentapp.junit.CreateStudentsDataDrivenTest.createMultipleStudents(CreateStudentsDataDrivenTest.java:86)

createMultipleStudents[15](com.studentapp.junit.CreateStudentsDataDrivenTest)  Time elapsed: 0.013 s  <<< FAILURE!
java.lang.AssertionError: 
1 expectation failed.
Expected status code <201> but was <500>.

	at com.studentapp.junit.CreateStudentsDataDrivenTest.createMultipleStudents(CreateStudentsDataDrivenTest.java:86)

createMultipleStudents[0](com.studentapp.junit.CreateStudentsDataDrivenTest)  Time elapsed: 0.008 s  <<< FAILURE!
java.lang.AssertionError: 
1 expectation failed.
Expected status code <201> but was <500>.

	at com.studentapp.junit.CreateStudentsDataDrivenTest.createMultipleStudents(CreateStudentsDataDrivenTest.java:86)

createMultipleStudents[3](com.studentapp.junit.CreateStudentsDataDrivenTest)  Time elapsed: 0.018 s  <<< FAILURE!
java.lang.AssertionError: 
1 expectation failed.
Expected status code <201> but was <500>.

	at com.studentapp.junit.CreateStudentsDataDrivenTest.createMultipleStudents(CreateStudentsDataDrivenTest.java:86)

createMultipleStudents[6](com.studentapp.junit.CreateStudentsDataDrivenTest)  Time elapsed: 0.015 s  <<< FAILURE!
java.lang.AssertionError: 
1 expectation failed.
Expected status code <201> but was <500>.

	at com.studentapp.junit.CreateStudentsDataDrivenTest.createMultipleStudents(CreateStudentsDataDrivenTest.java:86)

createMultipleStudents[7](com.studentapp.junit.CreateStudentsDataDrivenTest)  Time elapsed: 0.009 s  <<< FAILURE!
java.lang.AssertionError: 
1 expectation failed.
Expected status code <201> but was <500>.

	at com.studentapp.junit.CreateStudentsDataDrivenTest.createMultipleStudents(CreateStudentsDataDrivenTest.java:86)

createMultipleStudents[4](com.studentapp.junit.CreateStudentsDataDrivenTest)  Time elapsed: 0.015 s  <<< FAILURE!
java.lang.AssertionError: 
1 expectation failed.
Expected status code <201> but was <500>.

	at com.studentapp.junit.CreateStudentsDataDrivenTest.createMultipleStudents(CreateStudentsDataDrivenTest.java:86)

createMultipleStudents[2](com.studentapp.junit.CreateStudentsDataDrivenTest)  Time elapsed: 0.053 s  <<< FAILURE!
java.lang.AssertionError: 
1 expectation failed.
Expected status code <201> but was <500>.

	at com.studentapp.junit.CreateStudentsDataDrivenTest.createMultipleStudents(CreateStudentsDataDrivenTest.java:86)

createMultipleStudents[8](com.studentapp.junit.CreateStudentsDataDrivenTest)  Time elapsed: 0.056 s  <<< FAILURE!
java.lang.AssertionError: 
1 expectation failed.
Expected status code <201> but was <500>.

	at com.studentapp.junit.CreateStudentsDataDrivenTest.createMultipleStudents(CreateStudentsDataDrivenTest.java:86)

createMultipleStudents[1](com.studentapp.junit.CreateStudentsDataDrivenTest)  Time elapsed: 0.004 s  <<< FAILURE!
java.lang.AssertionError: 
1 expectation failed.
Expected status code <201> but was <500>.

	at com.studentapp.junit.CreateStudentsDataDrivenTest.createMultipleStudents(CreateStudentsDataDrivenTest.java:86)

createMultipleStudents[18](com.studentapp.junit.CreateStudentsDataDrivenTest)  Time elapsed: 0.015 s  <<< FAILURE!
java.lang.AssertionError: 
1 expectation failed.
Expected status code <201> but was <500>.

	at com.studentapp.junit.CreateStudentsDataDrivenTest.createMultipleStudents(CreateStudentsDataDrivenTest.java:86)

createMultipleStudents[19](com.studentapp.junit.CreateStudentsDataDrivenTest)  Time elapsed: 0.007 s  <<< FAILURE!
java.lang.AssertionError: 
1 expectation failed.
Expected status code <201> but was <500>.

	at com.studentapp.junit.CreateStudentsDataDrivenTest.createMultipleStudents(CreateStudentsDataDrivenTest.java:86)

createMultipleStudents[16](com.studentapp.junit.CreateStudentsDataDrivenTest)  Time elapsed: 0.005 s  <<< FAILURE!
java.lang.AssertionError: 
1 expectation failed.
Expected status code <201> but was <500>.

	at com.studentapp.junit.CreateStudentsDataDrivenTest.createMultipleStudents(CreateStudentsDataDrivenTest.java:86)

createMultipleStudents[20](com.studentapp.junit.CreateStudentsDataDrivenTest)  Time elapsed: 0.058 s  <<< FAILURE!
java.lang.AssertionError: 
1 expectation failed.
Expected status code <201> but was <500>.

	at com.studentapp.junit.CreateStudentsDataDrivenTest.createMultipleStudents(CreateStudentsDataDrivenTest.java:86)

createMultipleStudents[17](com.studentapp.junit.CreateStudentsDataDrivenTest)  Time elapsed: 0.005 s  <<< FAILURE!
java.lang.AssertionError: 
1 expectation failed.
Expected status code <201> but was <500>.

	at com.studentapp.junit.CreateStudentsDataDrivenTest.createMultipleStudents(CreateStudentsDataDrivenTest.java:86)

createMultipleStudents[21](com.studentapp.junit.CreateStudentsDataDrivenTest)  Time elapsed: 0.005 s  <<< FAILURE!
java.lang.AssertionError: 
1 expectation failed.
Expected status code <201> but was <500>.

	at com.studentapp.junit.CreateStudentsDataDrivenTest.createMultipleStudents(CreateStudentsDataDrivenTest.java:86)

createMultipleStudents[23](com.studentapp.junit.CreateStudentsDataDrivenTest)  Time elapsed: 0.008 s  <<< FAILURE!
java.lang.AssertionError: 
1 expectation failed.
Expected status code <201> but was <500>.

	at com.studentapp.junit.CreateStudentsDataDrivenTest.createMultipleStudents(CreateStudentsDataDrivenTest.java:86)

createMultipleStudents[24](com.studentapp.junit.CreateStudentsDataDrivenTest)  Time elapsed: 0.007 s  <<< FAILURE!
java.lang.AssertionError: 
1 expectation failed.
Expected status code <201> but was <500>.

	at com.studentapp.junit.CreateStudentsDataDrivenTest.createMultipleStudents(CreateStudentsDataDrivenTest.java:86)

createMultipleStudents[22](com.studentapp.junit.CreateStudentsDataDrivenTest)  Time elapsed: 0.013 s  <<< FAILURE!
java.lang.AssertionError: 
1 expectation failed.
Expected status code <201> but was <500>.

	at com.studentapp.junit.CreateStudentsDataDrivenTest.createMultipleStudents(CreateStudentsDataDrivenTest.java:86)

createMultipleStudents[25](com.studentapp.junit.CreateStudentsDataDrivenTest)  Time elapsed: 0.025 s  <<< FAILURE!
java.lang.AssertionError: 
1 expectation failed.
Expected status code <201> but was <500>.

	at com.studentapp.junit.CreateStudentsDataDrivenTest.createMultipleStudents(CreateStudentsDataDrivenTest.java:86)

createMultipleStudents[26](com.studentapp.junit.CreateStudentsDataDrivenTest)  Time elapsed: 0.005 s  <<< FAILURE!
java.lang.AssertionError: 
1 expectation failed.
Expected status code <201> but was <500>.

	at com.studentapp.junit.CreateStudentsDataDrivenTest.createMultipleStudents(CreateStudentsDataDrivenTest.java:86)

createMultipleStudents[27](com.studentapp.junit.CreateStudentsDataDrivenTest)  Time elapsed: 0.049 s  <<< FAILURE!
java.lang.AssertionError: 
1 expectation failed.
Expected status code <201> but was <500>.

	at com.studentapp.junit.CreateStudentsDataDrivenTest.createMultipleStudents(CreateStudentsDataDrivenTest.java:86)

createMultipleStudents[28](com.studentapp.junit.CreateStudentsDataDrivenTest)  Time elapsed: 0.004 s  <<< FAILURE!
java.lang.AssertionError: 
1 expectation failed.
Expected status code <201> but was <500>.

	at com.studentapp.junit.CreateStudentsDataDrivenTest.createMultipleStudents(CreateStudentsDataDrivenTest.java:86)

createMultipleStudents[29](com.studentapp.junit.CreateStudentsDataDrivenTest)  Time elapsed: 0.004 s  <<< FAILURE!
java.lang.AssertionError: 
1 expectation failed.
Expected status code <201> but was <500>.

	at com.studentapp.junit.CreateStudentsDataDrivenTest.createMultipleStudents(CreateStudentsDataDrivenTest.java:86)

createMultipleStudents[30](com.studentapp.junit.CreateStudentsDataDrivenTest)  Time elapsed: 0.007 s  <<< FAILURE!
java.lang.AssertionError: 
1 expectation failed.
Expected status code <201> but was <500>.

	at com.studentapp.junit.CreateStudentsDataDrivenTest.createMultipleStudents(CreateStudentsDataDrivenTest.java:86)

createMultipleStudents[31](com.studentapp.junit.CreateStudentsDataDrivenTest)  Time elapsed: 0.011 s  <<< FAILURE!
java.lang.AssertionError: 
1 expectation failed.
Expected status code <201> but was <500>.

	at com.studentapp.junit.CreateStudentsDataDrivenTest.createMultipleStudents(CreateStudentsDataDrivenTest.java:86)

createMultipleStudents[32](com.studentapp.junit.CreateStudentsDataDrivenTest)  Time elapsed: 0.066 s  <<< FAILURE!
java.lang.AssertionError: 
1 expectation failed.
Expected status code <201> but was <500>.

	at com.studentapp.junit.CreateStudentsDataDrivenTest.createMultipleStudents(CreateStudentsDataDrivenTest.java:86)

createMultipleStudents[33](com.studentapp.junit.CreateStudentsDataDrivenTest)  Time elapsed: 0.004 s  <<< FAILURE!
java.lang.AssertionError: 
1 expectation failed.
Expected status code <201> but was <500>.

	at com.studentapp.junit.CreateStudentsDataDrivenTest.createMultipleStudents(CreateStudentsDataDrivenTest.java:86)

createMultipleStudents[34](com.studentapp.junit.CreateStudentsDataDrivenTest)  Time elapsed: 0.004 s  <<< FAILURE!
java.lang.AssertionError: 
1 expectation failed.
Expected status code <201> but was <500>.

	at com.studentapp.junit.CreateStudentsDataDrivenTest.createMultipleStudents(CreateStudentsDataDrivenTest.java:86)

createMultipleStudents[35](com.studentapp.junit.CreateStudentsDataDrivenTest)  Time elapsed: 0.051 s  <<< FAILURE!
java.lang.AssertionError: 
1 expectation failed.
Expected status code <201> but was <500>.

	at com.studentapp.junit.CreateStudentsDataDrivenTest.createMultipleStudents(CreateStudentsDataDrivenTest.java:86)

createMultipleStudents[36](com.studentapp.junit.CreateStudentsDataDrivenTest)  Time elapsed: 0.004 s  <<< FAILURE!
java.lang.AssertionError: 
1 expectation failed.
Expected status code <201> but was <500>.

	at com.studentapp.junit.CreateStudentsDataDrivenTest.createMultipleStudents(CreateStudentsDataDrivenTest.java:86)

createMultipleStudents[38](com.studentapp.junit.CreateStudentsDataDrivenTest)  Time elapsed: 0.012 s  <<< FAILURE!
java.lang.AssertionError: 
1 expectation failed.
Expected status code <201> but was <500>.

	at com.studentapp.junit.CreateStudentsDataDrivenTest.createMultipleStudents(CreateStudentsDataDrivenTest.java:86)

createMultipleStudents[37](com.studentapp.junit.CreateStudentsDataDrivenTest)  Time elapsed: 0.014 s  <<< FAILURE!
java.lang.AssertionError: 
1 expectation failed.
Expected status code <201> but was <500>.

	at com.studentapp.junit.CreateStudentsDataDrivenTest.createMultipleStudents(CreateStudentsDataDrivenTest.java:86)

createMultipleStudents[39](com.studentapp.junit.CreateStudentsDataDrivenTest)  Time elapsed: 0.003 s  <<< FAILURE!
java.lang.AssertionError: 
1 expectation failed.
Expected status code <201> but was <500>.

	at com.studentapp.junit.CreateStudentsDataDrivenTest.createMultipleStudents(CreateStudentsDataDrivenTest.java:86)

createMultipleStudents[40](com.studentapp.junit.CreateStudentsDataDrivenTest)  Time elapsed: 0.009 s  <<< FAILURE!
java.lang.AssertionError: 
1 expectation failed.
Expected status code <201> but was <500>.

	at com.studentapp.junit.CreateStudentsDataDrivenTest.createMultipleStudents(CreateStudentsDataDrivenTest.java:86)

createMultipleStudents[41](com.studentapp.junit.CreateStudentsDataDrivenTest)  Time elapsed: 0.005 s  <<< FAILURE!
java.lang.AssertionError: 
1 expectation failed.
Expected status code <201> but was <500>.

	at com.studentapp.junit.CreateStudentsDataDrivenTest.createMultipleStudents(CreateStudentsDataDrivenTest.java:86)

createMultipleStudents[44](com.studentapp.junit.CreateStudentsDataDrivenTest)  Time elapsed: 0.021 s  <<< FAILURE!
java.lang.AssertionError: 
1 expectation failed.
Expected status code <201> but was <500>.

	at com.studentapp.junit.CreateStudentsDataDrivenTest.createMultipleStudents(CreateStudentsDataDrivenTest.java:86)

createMultipleStudents[43](com.studentapp.junit.CreateStudentsDataDrivenTest)  Time elapsed: 0.024 s  <<< FAILURE!
java.lang.AssertionError: 
1 expectation failed.
Expected status code <201> but was <500>.

	at com.studentapp.junit.CreateStudentsDataDrivenTest.createMultipleStudents(CreateStudentsDataDrivenTest.java:86)

createMultipleStudents[42](com.studentapp.junit.CreateStudentsDataDrivenTest)  Time elapsed: 0.004 s  <<< FAILURE!
java.lang.AssertionError: 
1 expectation failed.
Expected status code <201> but was <500>.

	at com.studentapp.junit.CreateStudentsDataDrivenTest.createMultipleStudents(CreateStudentsDataDrivenTest.java:86)

createMultipleStudents[46](com.studentapp.junit.CreateStudentsDataDrivenTest)  Time elapsed: 0.023 s  <<< FAILURE!
java.lang.AssertionError: 
1 expectation failed.
Expected status code <201> but was <500>.

	at com.studentapp.junit.CreateStudentsDataDrivenTest.createMultipleStudents(CreateStudentsDataDrivenTest.java:86)

createMultipleStudents[47](com.studentapp.junit.CreateStudentsDataDrivenTest)  Time elapsed: 0.006 s  <<< FAILURE!
java.lang.AssertionError: 
1 expectation failed.
Expected status code <201> but was <500>.

	at com.studentapp.junit.CreateStudentsDataDrivenTest.createMultipleStudents(CreateStudentsDataDrivenTest.java:86)

createMultipleStudents[45](com.studentapp.junit.CreateStudentsDataDrivenTest)  Time elapsed: 0.005 s  <<< FAILURE!
java.lang.AssertionError: 
1 expectation failed.
Expected status code <201> but was <500>.

	at com.studentapp.junit.CreateStudentsDataDrivenTest.createMultipleStudents(CreateStudentsDataDrivenTest.java:86)

createMultipleStudents[49](com.studentapp.junit.CreateStudentsDataDrivenTest)  Time elapsed: 0.006 s  <<< FAILURE!
java.lang.AssertionError: 
1 expectation failed.
Expected status code <201> but was <500>.

	at com.studentapp.junit.CreateStudentsDataDrivenTest.createMultipleStudents(CreateStudentsDataDrivenTest.java:86)

createMultipleStudents[48](com.studentapp.junit.CreateStudentsDataDrivenTest)  Time elapsed: 0.006 s  <<< FAILURE!
java.lang.AssertionError: 
1 expectation failed.
Expected status code <201> but was <500>.

	at com.studentapp.junit.CreateStudentsDataDrivenTest.createMultipleStudents(CreateStudentsDataDrivenTest.java:86)

createMultipleStudents[50](com.studentapp.junit.CreateStudentsDataDrivenTest)  Time elapsed: 0.006 s  <<< FAILURE!
java.lang.AssertionError: 
1 expectation failed.
Expected status code <201> but was <500>.

	at com.studentapp.junit.CreateStudentsDataDrivenTest.createMultipleStudents(CreateStudentsDataDrivenTest.java:86)

createMultipleStudents[51](com.studentapp.junit.CreateStudentsDataDrivenTest)  Time elapsed: 0.004 s  <<< FAILURE!
java.lang.AssertionError: 
1 expectation failed.
Expected status code <201> but was <500>.

	at com.studentapp.junit.CreateStudentsDataDrivenTest.createMultipleStudents(CreateStudentsDataDrivenTest.java:86)

createMultipleStudents[52](com.studentapp.junit.CreateStudentsDataDrivenTest)  Time elapsed: 0.006 s  <<< FAILURE!
java.lang.AssertionError: 
1 expectation failed.
Expected status code <201> but was <500>.

	at com.studentapp.junit.CreateStudentsDataDrivenTest.createMultipleStudents(CreateStudentsDataDrivenTest.java:86)

createMultipleStudents[53](com.studentapp.junit.CreateStudentsDataDrivenTest)  Time elapsed: 0.005 s  <<< FAILURE!
java.lang.AssertionError: 
1 expectation failed.
Expected status code <201> but was <500>.

	at com.studentapp.junit.CreateStudentsDataDrivenTest.createMultipleStudents(CreateStudentsDataDrivenTest.java:86)

createMultipleStudents[54](com.studentapp.junit.CreateStudentsDataDrivenTest)  Time elapsed: 0.006 s  <<< FAILURE!
java.lang.AssertionError: 
1 expectation failed.
Expected status code <201> but was <500>.

	at com.studentapp.junit.CreateStudentsDataDrivenTest.createMultipleStudents(CreateStudentsDataDrivenTest.java:86)

createMultipleStudents[55](com.studentapp.junit.CreateStudentsDataDrivenTest)  Time elapsed: 0.005 s  <<< FAILURE!
java.lang.AssertionError: 
1 expectation failed.
Expected status code <201> but was <500>.

	at com.studentapp.junit.CreateStudentsDataDrivenTest.createMultipleStudents(CreateStudentsDataDrivenTest.java:86)

createMultipleStudents[56](com.studentapp.junit.CreateStudentsDataDrivenTest)  Time elapsed: 0.005 s  <<< FAILURE!
java.lang.AssertionError: 
1 expectation failed.
Expected status code <201> but was <500>.

	at com.studentapp.junit.CreateStudentsDataDrivenTest.createMultipleStudents(CreateStudentsDataDrivenTest.java:86)

createMultipleStudents[57](com.studentapp.junit.CreateStudentsDataDrivenTest)  Time elapsed: 0.005 s  <<< FAILURE!
java.lang.AssertionError: 
1 expectation failed.
Expected status code <201> but was <500>.

	at com.studentapp.junit.CreateStudentsDataDrivenTest.createMultipleStudents(CreateStudentsDataDrivenTest.java:86)

createMultipleStudents[58](com.studentapp.junit.CreateStudentsDataDrivenTest)  Time elapsed: 0.005 s  <<< FAILURE!
java.lang.AssertionError: 
1 expectation failed.
Expected status code <201> but was <500>.

	at com.studentapp.junit.CreateStudentsDataDrivenTest.createMultipleStudents(CreateStudentsDataDrivenTest.java:86)

createMultipleStudents[59](com.studentapp.junit.CreateStudentsDataDrivenTest)  Time elapsed: 0.005 s  <<< FAILURE!
java.lang.AssertionError: 
1 expectation failed.
Expected status code <201> but was <500>.

	at com.studentapp.junit.CreateStudentsDataDrivenTest.createMultipleStudents(CreateStudentsDataDrivenTest.java:86)

createMultipleStudents[60](com.studentapp.junit.CreateStudentsDataDrivenTest)  Time elapsed: 0.005 s  <<< FAILURE!
java.lang.AssertionError: 
1 expectation failed.
Expected status code <201> but was <500>.

	at com.studentapp.junit.CreateStudentsDataDrivenTest.createMultipleStudents(CreateStudentsDataDrivenTest.java:86)

createMultipleStudents[61](com.studentapp.junit.CreateStudentsDataDrivenTest)  Time elapsed: 0.005 s  <<< FAILURE!
java.lang.AssertionError: 
1 expectation failed.
Expected status code <201> but was <500>.

	at com.studentapp.junit.CreateStudentsDataDrivenTest.createMultipleStudents(CreateStudentsDataDrivenTest.java:86)

createMultipleStudents[62](com.studentapp.junit.CreateStudentsDataDrivenTest)  Time elapsed: 0.007 s  <<< FAILURE!
java.lang.AssertionError: 
1 expectation failed.
Expected status code <201> but was <500>.

	at com.studentapp.junit.CreateStudentsDataDrivenTest.createMultipleStudents(CreateStudentsDataDrivenTest.java:86)

createMultipleStudents[63](com.studentapp.junit.CreateStudentsDataDrivenTest)  Time elapsed: 0.005 s  <<< FAILURE!
java.lang.AssertionError: 
1 expectation failed.
Expected status code <201> but was <500>.

	at com.studentapp.junit.CreateStudentsDataDrivenTest.createMultipleStudents(CreateStudentsDataDrivenTest.java:86)

createMultipleStudents[64](com.studentapp.junit.CreateStudentsDataDrivenTest)  Time elapsed: 0.007 s  <<< FAILURE!
java.lang.AssertionError: 
1 expectation failed.
Expected status code <201> but was <500>.

	at com.studentapp.junit.CreateStudentsDataDrivenTest.createMultipleStudents(CreateStudentsDataDrivenTest.java:86)

createMultipleStudents[65](com.studentapp.junit.CreateStudentsDataDrivenTest)  Time elapsed: 0.012 s  <<< FAILURE!
java.lang.AssertionError: 
1 expectation failed.
Expected status code <201> but was <500>.

	at com.studentapp.junit.CreateStudentsDataDrivenTest.createMultipleStudents(CreateStudentsDataDrivenTest.java:86)

createMultipleStudents[67](com.studentapp.junit.CreateStudentsDataDrivenTest)  Time elapsed: 0.004 s  <<< FAILURE!
java.lang.AssertionError: 
1 expectation failed.
Expected status code <201> but was <500>.

	at com.studentapp.junit.CreateStudentsDataDrivenTest.createMultipleStudents(CreateStudentsDataDrivenTest.java:86)

createMultipleStudents[68](com.studentapp.junit.CreateStudentsDataDrivenTest)  Time elapsed: 0.013 s  <<< FAILURE!
java.lang.AssertionError: 
1 expectation failed.
Expected status code <201> but was <500>.

	at com.studentapp.junit.CreateStudentsDataDrivenTest.createMultipleStudents(CreateStudentsDataDrivenTest.java:86)

createMultipleStudents[66](com.studentapp.junit.CreateStudentsDataDrivenTest)  Time elapsed: 0.009 s  <<< FAILURE!
java.lang.AssertionError: 
1 expectation failed.
Expected status code <201> but was <500>.

	at com.studentapp.junit.CreateStudentsDataDrivenTest.createMultipleStudents(CreateStudentsDataDrivenTest.java:86)

createMultipleStudents[69](com.studentapp.junit.CreateStudentsDataDrivenTest)  Time elapsed: 0.005 s  <<< FAILURE!
java.lang.AssertionError: 
1 expectation failed.
Expected status code <201> but was <500>.

	at com.studentapp.junit.CreateStudentsDataDrivenTest.createMultipleStudents(CreateStudentsDataDrivenTest.java:86)

createMultipleStudents[70](com.studentapp.junit.CreateStudentsDataDrivenTest)  Time elapsed: 0.004 s  <<< FAILURE!
java.lang.AssertionError: 
1 expectation failed.
Expected status code <201> but was <500>.

	at com.studentapp.junit.CreateStudentsDataDrivenTest.createMultipleStudents(CreateStudentsDataDrivenTest.java:86)

createMultipleStudents[71](com.studentapp.junit.CreateStudentsDataDrivenTest)  Time elapsed: 0.004 s  <<< FAILURE!
java.lang.AssertionError: 
1 expectation failed.
Expected status code <201> but was <500>.

	at com.studentapp.junit.CreateStudentsDataDrivenTest.createMultipleStudents(CreateStudentsDataDrivenTest.java:86)

createMultipleStudents[72](com.studentapp.junit.CreateStudentsDataDrivenTest)  Time elapsed: 0.006 s  <<< FAILURE!
java.lang.AssertionError: 
1 expectation failed.
Expected status code <201> but was <500>.

	at com.studentapp.junit.CreateStudentsDataDrivenTest.createMultipleStudents(CreateStudentsDataDrivenTest.java:86)

createMultipleStudents[73](com.studentapp.junit.CreateStudentsDataDrivenTest)  Time elapsed: 0.005 s  <<< FAILURE!
java.lang.AssertionError: 
1 expectation failed.
Expected status code <201> but was <500>.

	at com.studentapp.junit.CreateStudentsDataDrivenTest.createMultipleStudents(CreateStudentsDataDrivenTest.java:86)

createMultipleStudents[74](com.studentapp.junit.CreateStudentsDataDrivenTest)  Time elapsed: 0.005 s  <<< FAILURE!
java.lang.AssertionError: 
1 expectation failed.
Expected status code <201> but was <500>.

	at com.studentapp.junit.CreateStudentsDataDrivenTest.createMultipleStudents(CreateStudentsDataDrivenTest.java:86)

createMultipleStudents[75](com.studentapp.junit.CreateStudentsDataDrivenTest)  Time elapsed: 0.009 s  <<< FAILURE!
java.lang.AssertionError: 
1 expectation failed.
Expected status code <201> but was <500>.

	at com.studentapp.junit.CreateStudentsDataDrivenTest.createMultipleStudents(CreateStudentsDataDrivenTest.java:86)

createMultipleStudents[77](com.studentapp.junit.CreateStudentsDataDrivenTest)  Time elapsed: 0.005 s  <<< FAILURE!
java.lang.AssertionError: 
1 expectation failed.
Expected status code <201> but was <500>.

	at com.studentapp.junit.CreateStudentsDataDrivenTest.createMultipleStudents(CreateStudentsDataDrivenTest.java:86)

createMultipleStudents[79](com.studentapp.junit.CreateStudentsDataDrivenTest)  Time elapsed: 0.006 s  <<< FAILURE!
java.lang.AssertionError: 
1 expectation failed.
Expected status code <201> but was <500>.

	at com.studentapp.junit.CreateStudentsDataDrivenTest.createMultipleStudents(CreateStudentsDataDrivenTest.java:86)

createMultipleStudents[78](com.studentapp.junit.CreateStudentsDataDrivenTest)  Time elapsed: 0.005 s  <<< FAILURE!
java.lang.AssertionError: 
1 expectation failed.
Expected status code <201> but was <500>.

	at com.studentapp.junit.CreateStudentsDataDrivenTest.createMultipleStudents(CreateStudentsDataDrivenTest.java:86)

createMultipleStudents[76](com.studentapp.junit.CreateStudentsDataDrivenTest)  Time elapsed: 0.006 s  <<< FAILURE!
java.lang.AssertionError: 
1 expectation failed.
Expected status code <201> but was <500>.

	at com.studentapp.junit.CreateStudentsDataDrivenTest.createMultipleStudents(CreateStudentsDataDrivenTest.java:86)

createMultipleStudents[80](com.studentapp.junit.CreateStudentsDataDrivenTest)  Time elapsed: 0.006 s  <<< FAILURE!
java.lang.AssertionError: 
1 expectation failed.
Expected status code <201> but was <500>.

	at com.studentapp.junit.CreateStudentsDataDrivenTest.createMultipleStudents(CreateStudentsDataDrivenTest.java:86)

createMultipleStudents[81](com.studentapp.junit.CreateStudentsDataDrivenTest)  Time elapsed: 0.006 s  <<< FAILURE!
java.lang.AssertionError: 
1 expectation failed.
Expected status code <201> but was <500>.

	at com.studentapp.junit.CreateStudentsDataDrivenTest.createMultipleStudents(CreateStudentsDataDrivenTest.java:86)

createMultipleStudents[82](com.studentapp.junit.CreateStudentsDataDrivenTest)  Time elapsed: 0.004 s  <<< FAILURE!
java.lang.AssertionError: 
1 expectation failed.
Expected status code <201> but was <500>.

	at com.studentapp.junit.CreateStudentsDataDrivenTest.createMultipleStudents(CreateStudentsDataDrivenTest.java:86)

createMultipleStudents[83](com.studentapp.junit.CreateStudentsDataDrivenTest)  Time elapsed: 0.006 s  <<< FAILURE!
java.lang.AssertionError: 
1 expectation failed.
Expected status code <201> but was <500>.

	at com.studentapp.junit.CreateStudentsDataDrivenTest.createMultipleStudents(CreateStudentsDataDrivenTest.java:86)

createMultipleStudents[84](com.studentapp.junit.CreateStudentsDataDrivenTest)  Time elapsed: 0.01 s  <<< FAILURE!
java.lang.AssertionError: 
1 expectation failed.
Expected status code <201> but was <500>.

	at com.studentapp.junit.CreateStudentsDataDrivenTest.createMultipleStudents(CreateStudentsDataDrivenTest.java:86)

createMultipleStudents[85](com.studentapp.junit.CreateStudentsDataDrivenTest)  Time elapsed: 0.023 s  <<< FAILURE!
java.lang.AssertionError: 
1 expectation failed.
Expected status code <201> but was <500>.

	at com.studentapp.junit.CreateStudentsDataDrivenTest.createMultipleStudents(CreateStudentsDataDrivenTest.java:86)

createMultipleStudents[87](com.studentapp.junit.CreateStudentsDataDrivenTest)  Time elapsed: 0.026 s  <<< FAILURE!
java.lang.AssertionError: 
1 expectation failed.
Expected status code <201> but was <500>.

	at com.studentapp.junit.CreateStudentsDataDrivenTest.createMultipleStudents(CreateStudentsDataDrivenTest.java:86)

createMultipleStudents[86](com.studentapp.junit.CreateStudentsDataDrivenTest)  Time elapsed: 0.029 s  <<< FAILURE!
java.lang.AssertionError: 
1 expectation failed.
Expected status code <201> but was <500>.

	at com.studentapp.junit.CreateStudentsDataDrivenTest.createMultipleStudents(CreateStudentsDataDrivenTest.java:86)

createMultipleStudents[88](com.studentapp.junit.CreateStudentsDataDrivenTest)  Time elapsed: 0.029 s  <<< FAILURE!
java.lang.AssertionError: 
1 expectation failed.
Expected status code <201> but was <500>.

	at com.studentapp.junit.CreateStudentsDataDrivenTest.createMultipleStudents(CreateStudentsDataDrivenTest.java:86)

createMultipleStudents[89](com.studentapp.junit.CreateStudentsDataDrivenTest)  Time elapsed: 0.033 s  <<< FAILURE!
java.lang.AssertionError: 
1 expectation failed.
Expected status code <201> but was <500>.

	at com.studentapp.junit.CreateStudentsDataDrivenTest.createMultipleStudents(CreateStudentsDataDrivenTest.java:86)

createMultipleStudents[90](com.studentapp.junit.CreateStudentsDataDrivenTest)  Time elapsed: 0.036 s  <<< FAILURE!
java.lang.AssertionError: 
1 expectation failed.
Expected status code <201> but was <500>.

	at com.studentapp.junit.CreateStudentsDataDrivenTest.createMultipleStudents(CreateStudentsDataDrivenTest.java:86)

createMultipleStudents[91](com.studentapp.junit.CreateStudentsDataDrivenTest)  Time elapsed: 0.04 s  <<< FAILURE!
java.lang.AssertionError: 
1 expectation failed.
Expected status code <201> but was <500>.

	at com.studentapp.junit.CreateStudentsDataDrivenTest.createMultipleStudents(CreateStudentsDataDrivenTest.java:86)

createMultipleStudents[92](com.studentapp.junit.CreateStudentsDataDrivenTest)  Time elapsed: 0.04 s  <<< FAILURE!
java.lang.AssertionError: 
1 expectation failed.
Expected status code <201> but was <500>.

	at com.studentapp.junit.CreateStudentsDataDrivenTest.createMultipleStudents(CreateStudentsDataDrivenTest.java:86)

createMultipleStudents[93](com.studentapp.junit.CreateStudentsDataDrivenTest)  Time elapsed: 0.04 s  <<< FAILURE!
java.lang.AssertionError: 
1 expectation failed.
Expected status code <201> but was <500>.

	at com.studentapp.junit.CreateStudentsDataDrivenTest.createMultipleStudents(CreateStudentsDataDrivenTest.java:86)

createMultipleStudents[97](com.studentapp.junit.CreateStudentsDataDrivenTest)  Time elapsed: 0.04 s  <<< FAILURE!
java.lang.AssertionError: 
1 expectation failed.
Expected status code <201> but was <500>.

	at com.studentapp.junit.CreateStudentsDataDrivenTest.createMultipleStudents(CreateStudentsDataDrivenTest.java:86)

createMultipleStudents[95](com.studentapp.junit.CreateStudentsDataDrivenTest)  Time elapsed: 0.04 s  <<< FAILURE!
java.lang.AssertionError: 
1 expectation failed.
Expected status code <201> but was <500>.

	at com.studentapp.junit.CreateStudentsDataDrivenTest.createMultipleStudents(CreateStudentsDataDrivenTest.java:86)

createMultipleStudents[94](com.studentapp.junit.CreateStudentsDataDrivenTest)  Time elapsed: 0.04 s  <<< FAILURE!
java.lang.AssertionError: 
1 expectation failed.
Expected status code <201> but was <500>.

	at com.studentapp.junit.CreateStudentsDataDrivenTest.createMultipleStudents(CreateStudentsDataDrivenTest.java:86)

createMultipleStudents[98](com.studentapp.junit.CreateStudentsDataDrivenTest)  Time elapsed: 0.04 s  <<< FAILURE!
java.lang.AssertionError: 
1 expectation failed.
Expected status code <201> but was <500>.

	at com.studentapp.junit.CreateStudentsDataDrivenTest.createMultipleStudents(CreateStudentsDataDrivenTest.java:86)

createMultipleStudents[96](com.studentapp.junit.CreateStudentsDataDrivenTest)  Time elapsed: 0.04 s  <<< FAILURE!
java.lang.AssertionError: 
1 expectation failed.
Expected status code <201> but was <500>.

	at com.studentapp.junit.CreateStudentsDataDrivenTest.createMultipleStudents(CreateStudentsDataDrivenTest.java:86)

createMultipleStudents[99](com.studentapp.junit.CreateStudentsDataDrivenTest)  Time elapsed: 0.008 s  <<< FAILURE!
java.lang.AssertionError: 
1 expectation failed.
Expected status code <201> but was <500>.

	at com.studentapp.junit.CreateStudentsDataDrivenTest.createMultipleStudents(CreateStudentsDataDrivenTest.java:86)

