<?xml version="1.0" encoding="UTF-8"?>
<testsuite xmlns:xsi="http://www.w3.org/2001/XMLSchema-instance" xsi:noNamespaceSchemaLocation="https://maven.apache.org/surefire/maven-failsafe-plugin/xsd/failsafe-test-report.xsd" name="com.studentapp.junit.CreateStudentsDataDrivenTest" time="64.751" tests="100" errors="0" skipped="0" failures="100">
  <properties>
[...]
</properties>
  <testcase name="createMultipleStudents[11]" classname="com.studentapp.junit.CreateStudentsDataDrivenTest" time="31.834">
    <failure message="1 expectation failed.&#10;Expected status code &lt;201&gt; but was &lt;500&gt;.&#10;" type="java.lang.AssertionError"><![CDATA[java.lang.AssertionError: 
1 expectation failed.
Expected status code <201> but was <500>.

	at com.studentapp.junit.CreateStudentsDataDrivenTest.createMultipleStudents(CreateStudentsDataDrivenTest.java:86)
]]></failure>
    <system-out><![CDATA[10:22:40.316 [main] DEBUG n.t.c.u.PropertiesFileLocalPreferences - LOADING LOCAL PROPERTIES FROM C:\Users\m1027514\Desktop\SerenityTestProject\StudentApp\serenity.properties 
10:22:40.335 [main] DEBUG n.t.c.u.PropertiesFileLocalPreferences - LOADING LOCAL PROPERTIES FROM C:\Users\m1027514\Desktop\SerenityTestProject\StudentApp\serenity.properties 
10:22:40.336 [main] DEBUG n.t.c.u.PropertiesFileLocalPreferences - LOADING LOCAL PROPERTIES FROM C:\Users\m1027514\Desktop\SerenityTestProject\StudentApp\serenity.properties 
10:22:40.406 [main] DEBUG n.t.c.u.PropertiesFileLocalPreferences - serenity.compromised.on=java.io.FileNotFoundException
10:22:40.409 [main] DEBUG n.t.c.u.PropertiesFileLocalPreferences - serenity.project.name=StudentApp
10:22:40.547 [main] DEBUG n.t.c.u.PropertiesFileLocalPreferences - LOADING LOCAL PROPERTIES FROM C:\Users\m1027514\Desktop\SerenityTestProject\StudentApp\serenity.properties 
10:22:40.549 [main] DEBUG n.t.c.u.PropertiesFileLocalPreferences - LOADING LOCAL PROPERTIES FROM C:\Users\m1027514\Desktop\SerenityTestProject\StudentApp\serenity.properties 
10:22:40.552 [main] DEBUG n.t.c.u.PropertiesFileLocalPreferences - LOADING LOCAL PROPERTIES FROM C:\Users\m1027514\Desktop\SerenityTestProject\StudentApp\serenity.properties 
10:22:40.572 [main] DEBUG n.t.c.u.PropertiesFileLocalPreferences - serenity.compromised.on=java.io.FileNotFoundException
10:22:40.573 [main] DEBUG n.t.c.u.PropertiesFileLocalPreferences - serenity.project.name=StudentApp
10:22:42.771 [main] DEBUG n.t.core.reports.ReportService - Reporting formats: [JSON, HTML]
10:22:42.792 [main] DEBUG n.t.core.reports.ReportService - Found reporter: net.thucydides.core.reports.xml.XMLTestOutcomeReporter@6af9fcb2(format = Optional[XML])
10:22:43.253 [main] DEBUG n.t.core.reports.ReportService - Found reporter: net.thucydides.core.reports.json.JSONTestOutcomeReporter@62ef27a8(format = Optional[JSON])
10:22:43.253 [main] DEBUG n.t.core.reports.ReportService - Registering reporter: net.thucydides.core.reports.json.JSONTestOutcomeReporter@62ef27a8
10:22:43.712 [main] DEBUG n.t.core.reports.ReportService - Found reporter: net.thucydides.core.reports.html.HtmlAcceptanceTestReporter@5ccbeb64(format = Optional[HTML])
10:22:43.713 [main] DEBUG n.t.core.reports.ReportService - Registering reporter: net.thucydides.core.reports.html.HtmlAcceptanceTestReporter@5ccbeb64
10:22:43.717 [main] DEBUG n.t.core.reports.ReportService - Reporting formats: [JSON, HTML]
10:22:43.801 [main] DEBUG n.t.core.reports.ReportService - Reporting formats: [JSON, HTML]
10:22:43.802 [main] DEBUG n.t.core.reports.ReportService - Found reporter: net.thucydides.core.reports.xml.XMLTestOutcomeReporter@2c532cd8(format = Optional[XML])
10:22:43.803 [main] DEBUG n.t.core.reports.ReportService - Found reporter: net.thucydides.core.reports.json.JSONTestOutcomeReporter@294e5088(format = Optional[JSON])
10:22:43.803 [main] DEBUG n.t.core.reports.ReportService - Registering reporter: net.thucydides.core.reports.json.JSONTestOutcomeReporter@294e5088
10:22:43.804 [main] DEBUG n.t.core.reports.ReportService - Found reporter: net.thucydides.core.reports.html.HtmlAcceptanceTestReporter@51972dc7(format = Optional[HTML])
10:22:43.805 [main] DEBUG n.t.core.reports.ReportService - Registering reporter: net.thucydides.core.reports.html.HtmlAcceptanceTestReporter@51972dc7
10:22:43.806 [main] DEBUG n.t.core.reports.ReportService - Reporting formats: [JSON, HTML]
10:22:43.818 [main] DEBUG n.t.core.reports.ReportService - Reporting formats: [JSON, HTML]
10:22:43.821 [main] DEBUG n.t.core.reports.ReportService - Found reporter: net.thucydides.core.reports.xml.XMLTestOutcomeReporter@65045a87(format = Optional[XML])
10:22:43.822 [main] DEBUG n.t.core.reports.ReportService - Found reporter: net.thucydides.core.reports.json.JSONTestOutcomeReporter@47f4e407(format = Optional[JSON])
10:22:43.822 [main] DEBUG n.t.core.reports.ReportService - Registering reporter: net.thucydides.core.reports.json.JSONTestOutcomeReporter@47f4e407
10:22:43.822 [main] DEBUG n.t.core.reports.ReportService - Found reporter: net.thucydides.core.reports.html.HtmlAcceptanceTestReporter@2d1dee39(format = Optional[HTML])
10:22:43.823 [main] DEBUG n.t.core.reports.ReportService - Registering reporter: net.thucydides.core.reports.html.HtmlAcceptanceTestReporter@2d1dee39
10:22:43.823 [main] DEBUG n.t.core.reports.ReportService - Reporting formats: [JSON, HTML]
10:22:43.861 [main] DEBUG n.t.core.reports.ReportService - Reporting formats: [JSON, HTML]
10:22:43.863 [main] DEBUG n.t.core.reports.ReportService - Found reporter: net.thucydides.core.reports.xml.XMLTestOutcomeReporter@674bd420(format = Optional[XML])
10:22:43.863 [main] DEBUG n.t.core.reports.ReportService - Found reporter: net.thucydides.core.reports.json.JSONTestOutcomeReporter@2b0f373b(format = Optional[JSON])
10:22:43.864 [main] DEBUG n.t.core.reports.ReportService - Registering reporter: net.thucydides.core.reports.json.JSONTestOutcomeReporter@2b0f373b
10:22:43.866 [main] DEBUG n.t.core.reports.ReportService - Found reporter: net.thucydides.core.reports.html.HtmlAcceptanceTestReporter@2ceb80a1(format = Optional[HTML])
10:22:43.867 [main] DEBUG n.t.core.reports.ReportService - Registering reporter: net.thucydides.core.reports.html.HtmlAcceptanceTestReporter@2ceb80a1
10:22:43.868 [main] DEBUG n.t.core.reports.ReportService - Reporting formats: [JSON, HTML]
10:22:43.874 [main] DEBUG n.t.core.reports.ReportService - Reporting formats: [JSON, HTML]
10:22:43.876 [main] DEBUG n.t.core.reports.ReportService - Found reporter: net.thucydides.core.reports.xml.XMLTestOutcomeReporter@732f29af(format = Optional[XML])
10:22:43.877 [main] DEBUG n.t.core.reports.ReportService - Found reporter: net.thucydides.core.reports.json.JSONTestOutcomeReporter@d3957fe(format = Optional[JSON])
10:22:43.877 [main] DEBUG n.t.core.reports.ReportService - Registering reporter: net.thucydides.core.reports.json.JSONTestOutcomeReporter@d3957fe
10:22:43.877 [main] DEBUG n.t.core.reports.ReportService - Found reporter: net.thucydides.core.reports.html.HtmlAcceptanceTestReporter@6622fc65(format = Optional[HTML])
10:22:43.877 [main] DEBUG n.t.core.reports.ReportService - Registering reporter: net.thucydides.core.reports.html.HtmlAcceptanceTestReporter@6622fc65
10:22:43.878 [main] DEBUG n.t.core.reports.ReportService - Reporting formats: [JSON, HTML]
10:22:43.925 [main] DEBUG n.t.core.reports.ReportService - Reporting formats: [JSON, HTML]
10:22:43.927 [main] DEBUG n.t.core.reports.ReportService - Found reporter: net.thucydides.core.reports.xml.XMLTestOutcomeReporter@2f17e30d(format = Optional[XML])
10:22:43.929 [main] DEBUG n.t.core.reports.ReportService - Found reporter: net.thucydides.core.reports.json.JSONTestOutcomeReporter@3e821657(format = Optional[JSON])
10:22:43.930 [main] DEBUG n.t.core.reports.ReportService - Registering reporter: net.thucydides.core.reports.json.JSONTestOutcomeReporter@3e821657
10:22:43.935 [main] DEBUG n.t.core.reports.ReportService - Found reporter: net.thucydides.core.reports.html.HtmlAcceptanceTestReporter@1d131e1b(format = Optional[HTML])
10:22:43.936 [main] DEBUG n.t.core.reports.ReportService - Registering reporter: net.thucydides.core.reports.html.HtmlAcceptanceTestReporter@1d131e1b
10:22:43.938 [main] DEBUG n.t.core.reports.ReportService - Reporting formats: [JSON, HTML]
10:22:43.944 [main] DEBUG n.t.core.reports.ReportService - Reporting formats: [JSON, HTML]
10:22:43.945 [main] DEBUG n.t.core.reports.ReportService - Found reporter: net.thucydides.core.reports.xml.XMLTestOutcomeReporter@12bd8a64(format = Optional[XML])
10:22:43.946 [main] DEBUG n.t.core.reports.ReportService - Found reporter: net.thucydides.core.reports.json.JSONTestOutcomeReporter@61e94def(format = Optional[JSON])
10:22:43.946 [main] DEBUG n.t.core.reports.ReportService - Registering reporter: net.thucydides.core.reports.json.JSONTestOutcomeReporter@61e94def
10:22:43.947 [main] DEBUG n.t.core.reports.ReportService - Found reporter: net.thucydides.core.reports.html.HtmlAcceptanceTestReporter@3300f4fd(format = Optional[HTML])
10:22:43.947 [main] DEBUG n.t.core.reports.ReportService - Registering reporter: net.thucydides.core.reports.html.HtmlAcceptanceTestReporter@3300f4fd
10:22:43.949 [main] DEBUG n.t.core.reports.ReportService - Reporting formats: [JSON, HTML]
10:22:43.966 [main] DEBUG n.t.core.reports.ReportService - Reporting formats: [JSON, HTML]
10:22:43.985 [main] DEBUG n.t.core.reports.ReportService - Found reporter: net.thucydides.core.reports.xml.XMLTestOutcomeReporter@49872d67(format = Optional[XML])
10:22:43.985 [main] DEBUG n.t.core.reports.ReportService - Found reporter: net.thucydides.core.reports.json.JSONTestOutcomeReporter@56303b57(format = Optional[JSON])
10:22:43.986 [main] DEBUG n.t.core.reports.ReportService - Registering reporter: net.thucydides.core.reports.json.JSONTestOutcomeReporter@56303b57
10:22:43.987 [main] DEBUG n.t.core.reports.ReportService - Found reporter: net.thucydides.core.reports.html.HtmlAcceptanceTestReporter@4b2a01d4(format = Optional[HTML])
10:22:43.987 [main] DEBUG n.t.core.reports.ReportService - Registering reporter: net.thucydides.core.reports.html.HtmlAcceptanceTestReporter@4b2a01d4
10:22:43.987 [main] DEBUG n.t.core.reports.ReportService - Reporting formats: [JSON, HTML]
10:22:44.018 [main] DEBUG n.t.core.reports.ReportService - Reporting formats: [JSON, HTML]
10:22:44.019 [main] DEBUG n.t.core.reports.ReportService - Found reporter: net.thucydides.core.reports.xml.XMLTestOutcomeReporter@44e3a2b2(format = Optional[XML])
10:22:44.021 [main] DEBUG n.t.core.reports.ReportService - Found reporter: net.thucydides.core.reports.json.JSONTestOutcomeReporter@101639ae(format = Optional[JSON])
10:22:44.021 [main] DEBUG n.t.core.reports.ReportService - Registering reporter: net.thucydides.core.reports.json.JSONTestOutcomeReporter@101639ae
10:22:44.022 [main] DEBUG n.t.core.reports.ReportService - Found reporter: net.thucydides.core.reports.html.HtmlAcceptanceTestReporter@4c550889(format = Optional[HTML])
10:22:44.023 [main] DEBUG n.t.core.reports.ReportService - Registering reporter: net.thucydides.core.reports.html.HtmlAcceptanceTestReporter@4c550889
10:22:44.023 [main] DEBUG n.t.core.reports.ReportService - Reporting formats: [JSON, HTML]
10:22:44.030 [main] DEBUG n.t.core.reports.ReportService - Reporting formats: [JSON, HTML]
10:22:44.032 [main] DEBUG n.t.core.reports.ReportService - Found reporter: net.thucydides.core.reports.xml.XMLTestOutcomeReporter@68ead359(format = Optional[XML])
10:22:44.033 [main] DEBUG n.t.core.reports.ReportService - Found reporter: net.thucydides.core.reports.json.JSONTestOutcomeReporter@6b53bcc2(format = Optional[JSON])
10:22:44.033 [main] DEBUG n.t.core.reports.ReportService - Registering reporter: net.thucydides.core.reports.json.JSONTestOutcomeReporter@6b53bcc2
10:22:44.034 [main] DEBUG n.t.core.reports.ReportService - Found reporter: net.thucydides.core.reports.html.HtmlAcceptanceTestReporter@180da663(format = Optional[HTML])
10:22:44.034 [main] DEBUG n.t.core.reports.ReportService - Registering reporter: net.thucydides.core.reports.html.HtmlAcceptanceTestReporter@180da663
10:22:44.036 [main] DEBUG n.t.core.reports.ReportService - Reporting formats: [JSON, HTML]
10:22:44.051 [main] DEBUG n.t.core.reports.ReportService - Reporting formats: [JSON, HTML]
10:22:44.053 [main] DEBUG n.t.core.reports.ReportService - Found reporter: net.thucydides.core.reports.xml.XMLTestOutcomeReporter@53f0a4cb(format = Optional[XML])
10:22:44.053 [main] DEBUG n.t.core.reports.ReportService - Found reporter: net.thucydides.core.reports.json.JSONTestOutcomeReporter@77a7cf58(format = Optional[JSON])
10:22:44.054 [main] DEBUG n.t.core.reports.ReportService - Registering reporter: net.thucydides.core.reports.json.JSONTestOutcomeReporter@77a7cf58
10:22:44.057 [main] DEBUG n.t.core.reports.ReportService - Found reporter: net.thucydides.core.reports.html.HtmlAcceptanceTestReporter@3d97a632(format = Optional[HTML])
10:22:44.058 [main] DEBUG n.t.core.reports.ReportService - Registering reporter: net.thucydides.core.reports.html.HtmlAcceptanceTestReporter@3d97a632
10:22:44.060 [main] DEBUG n.t.core.reports.ReportService - Reporting formats: [JSON, HTML]
10:22:44.067 [main] DEBUG n.t.core.reports.ReportService - Reporting formats: [JSON, HTML]
10:22:44.068 [main] DEBUG n.t.core.reports.ReportService - Found reporter: net.thucydides.core.reports.xml.XMLTestOutcomeReporter@1dd6d4b7(format = Optional[XML])
10:22:44.070 [main] DEBUG n.t.core.reports.ReportService - Found reporter: net.thucydides.core.reports.json.JSONTestOutcomeReporter@56e8b606(format = Optional[JSON])
10:22:44.071 [main] DEBUG n.t.core.reports.ReportService - Registering reporter: net.thucydides.core.reports.json.JSONTestOutcomeReporter@56e8b606
10:22:44.072 [main] DEBUG n.t.core.reports.ReportService - Found reporter: net.thucydides.core.reports.html.HtmlAcceptanceTestReporter@2dd29a59(format = Optional[HTML])
10:22:44.073 [main] DEBUG n.t.core.reports.ReportService - Registering reporter: net.thucydides.core.reports.html.HtmlAcceptanceTestReporter@2dd29a59
10:22:44.075 [main] DEBUG n.t.core.reports.ReportService - Reporting formats: [JSON, HTML]
10:22:44.120 [main] DEBUG n.t.core.reports.ReportService - Reporting formats: [JSON, HTML]
10:22:44.125 [main] DEBUG n.t.core.reports.ReportService - Found reporter: net.thucydides.core.reports.xml.XMLTestOutcomeReporter@61c9c3fd(format = Optional[XML])
10:22:44.126 [main] DEBUG n.t.core.reports.ReportService - Found reporter: net.thucydides.core.reports.json.JSONTestOutcomeReporter@3b0c9195(format = Optional[JSON])
10:22:44.127 [main] DEBUG n.t.core.reports.ReportService - Registering reporter: net.thucydides.core.reports.json.JSONTestOutcomeReporter@3b0c9195
10:22:44.129 [main] DEBUG n.t.core.reports.ReportService - Found reporter: net.thucydides.core.reports.html.HtmlAcceptanceTestReporter@366c4480(format = Optional[HTML])
10:22:44.132 [main] DEBUG n.t.core.reports.ReportService - Registering reporter: net.thucydides.core.reports.html.HtmlAcceptanceTestReporter@366c4480
10:22:44.134 [main] DEBUG n.t.core.reports.ReportService - Reporting formats: [JSON, HTML]
10:22:44.144 [main] DEBUG n.t.core.reports.ReportService - Reporting formats: [JSON, HTML]
10:22:44.146 [main] DEBUG n.t.core.reports.ReportService - Found reporter: net.thucydides.core.reports.xml.XMLTestOutcomeReporter@5c08c46a(format = Optional[XML])
10:22:44.150 [main] DEBUG n.t.core.reports.ReportService - Found reporter: net.thucydides.core.reports.json.JSONTestOutcomeReporter@4cf8b2dc(format = Optional[JSON])
10:22:44.152 [main] DEBUG n.t.core.reports.ReportService - Registering reporter: net.thucydides.core.reports.json.JSONTestOutcomeReporter@4cf8b2dc
10:22:44.175 [main] DEBUG n.t.core.reports.ReportService - Found reporter: net.thucydides.core.reports.html.HtmlAcceptanceTestReporter@708400f6(format = Optional[HTML])
10:22:44.175 [main] DEBUG n.t.core.reports.ReportService - Registering reporter: net.thucydides.core.reports.html.HtmlAcceptanceTestReporter@708400f6
10:22:44.176 [main] DEBUG n.t.core.reports.ReportService - Reporting formats: [JSON, HTML]
10:22:44.184 [main] DEBUG n.t.core.reports.ReportService - Reporting formats: [JSON, HTML]
10:22:44.185 [main] DEBUG n.t.core.reports.ReportService - Found reporter: net.thucydides.core.reports.xml.XMLTestOutcomeReporter@4566d049(format = Optional[XML])
10:22:44.185 [main] DEBUG n.t.core.reports.ReportService - Found reporter: net.thucydides.core.reports.json.JSONTestOutcomeReporter@61ce23ac(format = Optional[JSON])
10:22:44.185 [main] DEBUG n.t.core.reports.ReportService - Registering reporter: net.thucydides.core.reports.json.JSONTestOutcomeReporter@61ce23ac
10:22:44.186 [main] DEBUG n.t.core.reports.ReportService - Found reporter: net.thucydides.core.reports.html.HtmlAcceptanceTestReporter@3668d4(format = Optional[HTML])
10:22:44.186 [main] DEBUG n.t.core.reports.ReportService - Registering reporter: net.thucydides.core.reports.html.HtmlAcceptanceTestReporter@3668d4
10:22:44.186 [main] DEBUG n.t.core.reports.ReportService - Reporting formats: [JSON, HTML]
10:22:44.245 [main] DEBUG n.t.core.reports.ReportService - Reporting formats: [JSON, HTML]
10:22:44.248 [main] DEBUG n.t.core.reports.ReportService - Found reporter: net.thucydides.core.reports.xml.XMLTestOutcomeReporter@3d9f6567(format = Optional[XML])
10:22:44.249 [main] DEBUG n.t.core.reports.ReportService - Found reporter: net.thucydides.core.reports.json.JSONTestOutcomeReporter@25e2ab5a(format = Optional[JSON])
10:22:44.250 [main] DEBUG n.t.core.reports.ReportService - Registering reporter: net.thucydides.core.reports.json.JSONTestOutcomeReporter@25e2ab5a
10:22:44.251 [main] DEBUG n.t.core.reports.ReportService - Found reporter: net.thucydides.core.reports.html.HtmlAcceptanceTestReporter@73173f63(format = Optional[HTML])
10:22:44.253 [main] DEBUG n.t.core.reports.ReportService - Registering reporter: net.thucydides.core.reports.html.HtmlAcceptanceTestReporter@73173f63
10:22:44.255 [main] DEBUG n.t.core.reports.ReportService - Reporting formats: [JSON, HTML]
10:22:44.262 [main] DEBUG n.t.core.reports.ReportService - Reporting formats: [JSON, HTML]
10:22:44.263 [main] DEBUG n.t.core.reports.ReportService - Found reporter: net.thucydides.core.reports.xml.XMLTestOutcomeReporter@3ecd267f(format = Optional[XML])
10:22:44.263 [main] DEBUG n.t.core.reports.ReportService - Found reporter: net.thucydides.core.reports.json.JSONTestOutcomeReporter@58ffcbd7(format = Optional[JSON])
10:22:44.263 [main] DEBUG n.t.core.reports.ReportService - Registering reporter: net.thucydides.core.reports.json.JSONTestOutcomeReporter@58ffcbd7
10:22:44.264 [main] DEBUG n.t.core.reports.ReportService - Found reporter: net.thucydides.core.reports.html.HtmlAcceptanceTestReporter@555cf22(format = Optional[HTML])
10:22:44.266 [main] DEBUG n.t.core.reports.ReportService - Registering reporter: net.thucydides.core.reports.html.HtmlAcceptanceTestReporter@555cf22
10:22:44.267 [main] DEBUG n.t.core.reports.ReportService - Reporting formats: [JSON, HTML]
10:22:44.274 [main] DEBUG n.t.core.reports.ReportService - Reporting formats: [JSON, HTML]
10:22:44.275 [main] DEBUG n.t.core.reports.ReportService - Found reporter: net.thucydides.core.reports.xml.XMLTestOutcomeReporter@3bd418e4(format = Optional[XML])
10:22:44.276 [main] DEBUG n.t.core.reports.ReportService - Found reporter: net.thucydides.core.reports.json.JSONTestOutcomeReporter@544820b7(format = Optional[JSON])
10:22:44.277 [main] DEBUG n.t.core.reports.ReportService - Registering reporter: net.thucydides.core.reports.json.JSONTestOutcomeReporter@544820b7
10:22:44.277 [main] DEBUG n.t.core.reports.ReportService - Found reporter: net.thucydides.core.reports.html.HtmlAcceptanceTestReporter@6b98a075(format = Optional[HTML])
10:22:44.277 [main] DEBUG n.t.core.reports.ReportService - Registering reporter: net.thucydides.core.reports.html.HtmlAcceptanceTestReporter@6b98a075
10:22:44.278 [main] DEBUG n.t.core.reports.ReportService - Reporting formats: [JSON, HTML]
10:22:44.291 [main] DEBUG n.t.core.reports.ReportService - Reporting formats: [JSON, HTML]
10:22:44.292 [main] DEBUG n.t.core.reports.ReportService - Found reporter: net.thucydides.core.reports.xml.XMLTestOutcomeReporter@56aaaecd(format = Optional[XML])
10:22:44.293 [main] DEBUG n.t.core.reports.ReportService - Found reporter: net.thucydides.core.reports.json.JSONTestOutcomeReporter@522a32b1(format = Optional[JSON])
10:22:44.293 [main] DEBUG n.t.core.reports.ReportService - Registering reporter: net.thucydides.core.reports.json.JSONTestOutcomeReporter@522a32b1
10:22:44.293 [main] DEBUG n.t.core.reports.ReportService - Found reporter: net.thucydides.core.reports.html.HtmlAcceptanceTestReporter@35390ee3(format = Optional[HTML])
10:22:44.293 [main] DEBUG n.t.core.reports.ReportService - Registering reporter: net.thucydides.core.reports.html.HtmlAcceptanceTestReporter@35390ee3
10:22:44.293 [main] DEBUG n.t.core.reports.ReportService - Reporting formats: [JSON, HTML]
10:22:44.324 [main] DEBUG n.t.core.reports.ReportService - Reporting formats: [JSON, HTML]
10:22:44.325 [main] DEBUG n.t.core.reports.ReportService - Found reporter: net.thucydides.core.reports.xml.XMLTestOutcomeReporter@3fb6cf60(format = Optional[XML])
10:22:44.334 [main] DEBUG n.t.core.reports.ReportService - Found reporter: net.thucydides.core.reports.json.JSONTestOutcomeReporter@37ddb69a(format = Optional[JSON])
10:22:44.334 [main] DEBUG n.t.core.reports.ReportService - Registering reporter: net.thucydides.core.reports.json.JSONTestOutcomeReporter@37ddb69a
10:22:44.334 [main] DEBUG n.t.core.reports.ReportService - Found reporter: net.thucydides.core.reports.html.HtmlAcceptanceTestReporter@349c1daf(format = Optional[HTML])
10:22:44.334 [main] DEBUG n.t.core.reports.ReportService - Registering reporter: net.thucydides.core.reports.html.HtmlAcceptanceTestReporter@349c1daf
10:22:44.345 [main] DEBUG n.t.core.reports.ReportService - Reporting formats: [JSON, HTML]
10:22:44.355 [main] DEBUG n.t.core.reports.ReportService - Reporting formats: [JSON, HTML]
10:22:44.359 [main] DEBUG n.t.core.reports.ReportService - Found reporter: net.thucydides.core.reports.xml.XMLTestOutcomeReporter@5f7b97da(format = Optional[XML])
10:22:44.359 [main] DEBUG n.t.core.reports.ReportService - Found reporter: net.thucydides.core.reports.json.JSONTestOutcomeReporter@18b0930f(format = Optional[JSON])
10:22:44.360 [main] DEBUG n.t.core.reports.ReportService - Registering reporter: net.thucydides.core.reports.json.JSONTestOutcomeReporter@18b0930f
10:22:44.360 [main] DEBUG n.t.core.reports.ReportService - Found reporter: net.thucydides.core.reports.html.HtmlAcceptanceTestReporter@6b7906b3(format = Optional[HTML])
10:22:44.360 [main] DEBUG n.t.core.reports.ReportService - Registering reporter: net.thucydides.core.reports.html.HtmlAcceptanceTestReporter@6b7906b3
10:22:44.360 [main] DEBUG n.t.core.reports.ReportService - Reporting formats: [JSON, HTML]
10:22:44.368 [main] DEBUG n.t.core.reports.ReportService - Reporting formats: [JSON, HTML]
10:22:44.369 [main] DEBUG n.t.core.reports.ReportService - Found reporter: net.thucydides.core.reports.xml.XMLTestOutcomeReporter@6c5945a7(format = Optional[XML])
10:22:44.370 [main] DEBUG n.t.core.reports.ReportService - Found reporter: net.thucydides.core.reports.json.JSONTestOutcomeReporter@2f05be7f(format = Optional[JSON])
10:22:44.370 [main] DEBUG n.t.core.reports.ReportService - Registering reporter: net.thucydides.core.reports.json.JSONTestOutcomeReporter@2f05be7f
10:22:44.371 [main] DEBUG n.t.core.reports.ReportService - Found reporter: net.thucydides.core.reports.html.HtmlAcceptanceTestReporter@640f11a1(format = Optional[HTML])
10:22:44.371 [main] DEBUG n.t.core.reports.ReportService - Registering reporter: net.thucydides.core.reports.html.HtmlAcceptanceTestReporter@640f11a1
10:22:44.372 [main] DEBUG n.t.core.reports.ReportService - Reporting formats: [JSON, HTML]
10:22:44.377 [main] DEBUG n.t.core.reports.ReportService - Reporting formats: [JSON, HTML]
10:22:44.378 [main] DEBUG n.t.core.reports.ReportService - Found reporter: net.thucydides.core.reports.xml.XMLTestOutcomeReporter@3a0d172f(format = Optional[XML])
10:22:44.378 [main] DEBUG n.t.core.reports.ReportService - Found reporter: net.thucydides.core.reports.json.JSONTestOutcomeReporter@68ad99fe(format = Optional[JSON])
10:22:44.378 [main] DEBUG n.t.core.reports.ReportService - Registering reporter: net.thucydides.core.reports.json.JSONTestOutcomeReporter@68ad99fe
10:22:44.378 [main] DEBUG n.t.core.reports.ReportService - Found reporter: net.thucydides.core.reports.html.HtmlAcceptanceTestReporter@485e36bc(format = Optional[HTML])
10:22:44.378 [main] DEBUG n.t.core.reports.ReportService - Registering reporter: net.thucydides.core.reports.html.HtmlAcceptanceTestReporter@485e36bc
10:22:44.379 [main] DEBUG n.t.core.reports.ReportService - Reporting formats: [JSON, HTML]
10:22:44.410 [main] DEBUG n.t.core.reports.ReportService - Reporting formats: [JSON, HTML]
10:22:44.411 [main] DEBUG n.t.core.reports.ReportService - Found reporter: net.thucydides.core.reports.xml.XMLTestOutcomeReporter@5b529706(format = Optional[XML])
10:22:44.412 [main] DEBUG n.t.core.reports.ReportService - Found reporter: net.thucydides.core.reports.json.JSONTestOutcomeReporter@63fdab07(format = Optional[JSON])
10:22:44.412 [main] DEBUG n.t.core.reports.ReportService - Registering reporter: net.thucydides.core.reports.json.JSONTestOutcomeReporter@63fdab07
10:22:44.413 [main] DEBUG n.t.core.reports.ReportService - Found reporter: net.thucydides.core.reports.html.HtmlAcceptanceTestReporter@7b5a12ae(format = Optional[HTML])
10:22:44.413 [main] DEBUG n.t.core.reports.ReportService - Registering reporter: net.thucydides.core.reports.html.HtmlAcceptanceTestReporter@7b5a12ae
10:22:44.417 [main] DEBUG n.t.core.reports.ReportService - Reporting formats: [JSON, HTML]
10:22:44.425 [main] DEBUG n.t.core.reports.ReportService - Reporting formats: [JSON, HTML]
10:22:44.463 [main] DEBUG n.t.core.reports.ReportService - Found reporter: net.thucydides.core.reports.xml.XMLTestOutcomeReporter@54d18072(format = Optional[XML])
10:22:44.463 [main] DEBUG n.t.core.reports.ReportService - Found reporter: net.thucydides.core.reports.json.JSONTestOutcomeReporter@1506f20f(format = Optional[JSON])
10:22:44.463 [main] DEBUG n.t.core.reports.ReportService - Registering reporter: net.thucydides.core.reports.json.JSONTestOutcomeReporter@1506f20f
10:22:44.464 [main] DEBUG n.t.core.reports.ReportService - Found reporter: net.thucydides.core.reports.html.HtmlAcceptanceTestReporter@47a5b70d(format = Optional[HTML])
10:22:44.464 [main] DEBUG n.t.core.reports.ReportService - Registering reporter: net.thucydides.core.reports.html.HtmlAcceptanceTestReporter@47a5b70d
10:22:44.473 [main] DEBUG n.t.core.reports.ReportService - Reporting formats: [JSON, HTML]
10:22:44.488 [main] DEBUG n.t.core.reports.ReportService - Reporting formats: [JSON, HTML]
10:22:44.490 [main] DEBUG n.t.core.reports.ReportService - Found reporter: net.thucydides.core.reports.xml.XMLTestOutcomeReporter@4a11eb84(format = Optional[XML])
10:22:44.491 [main] DEBUG n.t.core.reports.ReportService - Found reporter: net.thucydides.core.reports.json.JSONTestOutcomeReporter@4e858e0a(format = Optional[JSON])
10:22:44.493 [main] DEBUG n.t.core.reports.ReportService - Registering reporter: net.thucydides.core.reports.json.JSONTestOutcomeReporter@4e858e0a
10:22:44.495 [main] DEBUG n.t.core.reports.ReportService - Found reporter: net.thucydides.core.reports.html.HtmlAcceptanceTestReporter@435fb7b5(format = Optional[HTML])
10:22:44.495 [main] DEBUG n.t.core.reports.ReportService - Registering reporter: net.thucydides.core.reports.html.HtmlAcceptanceTestReporter@435fb7b5
10:22:44.496 [main] DEBUG n.t.core.reports.ReportService - Reporting formats: [JSON, HTML]
10:22:44.509 [main] DEBUG n.t.core.reports.ReportService - Reporting formats: [JSON, HTML]
10:22:44.510 [main] DEBUG n.t.core.reports.ReportService - Found reporter: net.thucydides.core.reports.xml.XMLTestOutcomeReporter@32c8e539(format = Optional[XML])
10:22:44.510 [main] DEBUG n.t.core.reports.ReportService - Found reporter: net.thucydides.core.reports.json.JSONTestOutcomeReporter@73dce0e6(format = Optional[JSON])
10:22:44.510 [main] DEBUG n.t.core.reports.ReportService - Registering reporter: net.thucydides.core.reports.json.JSONTestOutcomeReporter@73dce0e6
10:22:44.510 [main] DEBUG n.t.core.reports.ReportService - Found reporter: net.thucydides.core.reports.html.HtmlAcceptanceTestReporter@5a85c92(format = Optional[HTML])
10:22:44.511 [main] DEBUG n.t.core.reports.ReportService - Registering reporter: net.thucydides.core.reports.html.HtmlAcceptanceTestReporter@5a85c92
10:22:44.511 [main] DEBUG n.t.core.reports.ReportService - Reporting formats: [JSON, HTML]
10:22:44.554 [main] DEBUG n.t.core.reports.ReportService - Reporting formats: [JSON, HTML]
10:22:44.604 [main] DEBUG n.t.core.reports.ReportService - Found reporter: net.thucydides.core.reports.xml.XMLTestOutcomeReporter@3e14c16d(format = Optional[XML])
10:22:44.605 [main] DEBUG n.t.core.reports.ReportService - Found reporter: net.thucydides.core.reports.json.JSONTestOutcomeReporter@3c989952(format = Optional[JSON])
10:22:44.605 [main] DEBUG n.t.core.reports.ReportService - Registering reporter: net.thucydides.core.reports.json.JSONTestOutcomeReporter@3c989952
10:22:44.605 [main] DEBUG n.t.core.reports.ReportService - Found reporter: net.thucydides.core.reports.html.HtmlAcceptanceTestReporter@784b990c(format = Optional[HTML])
10:22:44.605 [main] DEBUG n.t.core.reports.ReportService - Registering reporter: net.thucydides.core.reports.html.HtmlAcceptanceTestReporter@784b990c
10:22:44.606 [main] DEBUG n.t.core.reports.ReportService - Reporting formats: [JSON, HTML]
10:22:44.638 [main] DEBUG n.t.core.reports.ReportService - Reporting formats: [JSON, HTML]
10:22:44.640 [main] DEBUG n.t.core.reports.ReportService - Found reporter: net.thucydides.core.reports.xml.XMLTestOutcomeReporter@7c098bb3(format = Optional[XML])
10:22:44.641 [main] DEBUG n.t.core.reports.ReportService - Found reporter: net.thucydides.core.reports.json.JSONTestOutcomeReporter@31e4bb20(format = Optional[JSON])
10:22:44.641 [main] DEBUG n.t.core.reports.ReportService - Registering reporter: net.thucydides.core.reports.json.JSONTestOutcomeReporter@31e4bb20
10:22:44.641 [main] DEBUG n.t.core.reports.ReportService - Found reporter: net.thucydides.core.reports.html.HtmlAcceptanceTestReporter@18cebaa5(format = Optional[HTML])
10:22:44.641 [main] DEBUG n.t.core.reports.ReportService - Registering reporter: net.thucydides.core.reports.html.HtmlAcceptanceTestReporter@18cebaa5
10:22:44.642 [main] DEBUG n.t.core.reports.ReportService - Reporting formats: [JSON, HTML]
10:22:44.724 [main] DEBUG n.t.core.reports.ReportService - Reporting formats: [JSON, HTML]
10:22:44.726 [main] DEBUG n.t.core.reports.ReportService - Found reporter: net.thucydides.core.reports.xml.XMLTestOutcomeReporter@312ab28e(format = Optional[XML])
10:22:44.727 [main] DEBUG n.t.core.reports.ReportService - Found reporter: net.thucydides.core.reports.json.JSONTestOutcomeReporter@5644dc81(format = Optional[JSON])
10:22:44.728 [main] DEBUG n.t.core.reports.ReportService - Registering reporter: net.thucydides.core.reports.json.JSONTestOutcomeReporter@5644dc81
10:22:44.737 [main] DEBUG n.t.core.reports.ReportService - Found reporter: net.thucydides.core.reports.html.HtmlAcceptanceTestReporter@246f8b8b(format = Optional[HTML])
10:22:44.737 [main] DEBUG n.t.core.reports.ReportService - Registering reporter: net.thucydides.core.reports.html.HtmlAcceptanceTestReporter@246f8b8b
10:22:44.738 [main] DEBUG n.t.core.reports.ReportService - Reporting formats: [JSON, HTML]
10:22:44.745 [main] DEBUG n.t.core.reports.ReportService - Reporting formats: [JSON, HTML]
10:22:44.746 [main] DEBUG n.t.core.reports.ReportService - Found reporter: net.thucydides.core.reports.xml.XMLTestOutcomeReporter@72ea6193(format = Optional[XML])
10:22:44.748 [main] DEBUG n.t.core.reports.ReportService - Found reporter: net.thucydides.core.reports.json.JSONTestOutcomeReporter@31aa3ca5(format = Optional[JSON])
10:22:44.749 [main] DEBUG n.t.core.reports.ReportService - Registering reporter: net.thucydides.core.reports.json.JSONTestOutcomeReporter@31aa3ca5
10:22:44.749 [main] DEBUG n.t.core.reports.ReportService - Found reporter: net.thucydides.core.reports.html.HtmlAcceptanceTestReporter@45905bff(format = Optional[HTML])
10:22:44.749 [main] DEBUG n.t.core.reports.ReportService - Registering reporter: net.thucydides.core.reports.html.HtmlAcceptanceTestReporter@45905bff
10:22:44.749 [main] DEBUG n.t.core.reports.ReportService - Reporting formats: [JSON, HTML]
10:22:44.807 [main] DEBUG n.t.core.reports.ReportService - Reporting formats: [JSON, HTML]
10:22:44.808 [main] DEBUG n.t.core.reports.ReportService - Found reporter: net.thucydides.core.reports.xml.XMLTestOutcomeReporter@c1bd0be(format = Optional[XML])
10:22:44.808 [main] DEBUG n.t.core.reports.ReportService - Found reporter: net.thucydides.core.reports.json.JSONTestOutcomeReporter@476b0ae6(format = Optional[JSON])
10:22:44.808 [main] DEBUG n.t.core.reports.ReportService - Registering reporter: net.thucydides.core.reports.json.JSONTestOutcomeReporter@476b0ae6
10:22:44.809 [main] DEBUG n.t.core.reports.ReportService - Found reporter: net.thucydides.core.reports.html.HtmlAcceptanceTestReporter@1c6804cd(format = Optional[HTML])
10:22:44.810 [main] DEBUG n.t.core.reports.ReportService - Registering reporter: net.thucydides.core.reports.html.HtmlAcceptanceTestReporter@1c6804cd
10:22:44.811 [main] DEBUG n.t.core.reports.ReportService - Reporting formats: [JSON, HTML]
10:22:44.819 [main] DEBUG n.t.core.reports.ReportService - Reporting formats: [JSON, HTML]
10:22:44.820 [main] DEBUG n.t.core.reports.ReportService - Found reporter: net.thucydides.core.reports.xml.XMLTestOutcomeReporter@3a3e4aff(format = Optional[XML])
10:22:44.820 [main] DEBUG n.t.core.reports.ReportService - Found reporter: net.thucydides.core.reports.json.JSONTestOutcomeReporter@5d2a4eed(format = Optional[JSON])
10:22:44.820 [main] DEBUG n.t.core.reports.ReportService - Registering reporter: net.thucydides.core.reports.json.JSONTestOutcomeReporter@5d2a4eed
10:22:44.820 [main] DEBUG n.t.core.reports.ReportService - Found reporter: net.thucydides.core.reports.html.HtmlAcceptanceTestReporter@57459491(format = Optional[HTML])
10:22:44.820 [main] DEBUG n.t.core.reports.ReportService - Registering reporter: net.thucydides.core.reports.html.HtmlAcceptanceTestReporter@57459491
10:22:44.821 [main] DEBUG n.t.core.reports.ReportService - Reporting formats: [JSON, HTML]
10:22:44.828 [main] DEBUG n.t.core.reports.ReportService - Reporting formats: [JSON, HTML]
10:22:44.829 [main] DEBUG n.t.core.reports.ReportService - Found reporter: net.thucydides.core.reports.xml.XMLTestOutcomeReporter@5e81e5ac(format = Optional[XML])
10:22:44.829 [main] DEBUG n.t.core.reports.ReportService - Found reporter: net.thucydides.core.reports.json.JSONTestOutcomeReporter@4189d70b(format = Optional[JSON])
10:22:44.829 [main] DEBUG n.t.core.reports.ReportService - Registering reporter: net.thucydides.core.reports.json.JSONTestOutcomeReporter@4189d70b
10:22:44.829 [main] DEBUG n.t.core.reports.ReportService - Found reporter: net.thucydides.core.reports.html.HtmlAcceptanceTestReporter@3fa2213(format = Optional[HTML])
10:22:44.829 [main] DEBUG n.t.core.reports.ReportService - Registering reporter: net.thucydides.core.reports.html.HtmlAcceptanceTestReporter@3fa2213
10:22:44.830 [main] DEBUG n.t.core.reports.ReportService - Reporting formats: [JSON, HTML]
10:22:44.880 [main] DEBUG n.t.core.reports.ReportService - Reporting formats: [JSON, HTML]
10:22:44.883 [main] DEBUG n.t.core.reports.ReportService - Found reporter: net.thucydides.core.reports.xml.XMLTestOutcomeReporter@4044fb95(format = Optional[XML])
10:22:44.883 [main] DEBUG n.t.core.reports.ReportService - Found reporter: net.thucydides.core.reports.json.JSONTestOutcomeReporter@aa549e5(format = Optional[JSON])
10:22:44.884 [main] DEBUG n.t.core.reports.ReportService - Registering reporter: net.thucydides.core.reports.json.JSONTestOutcomeReporter@aa549e5
10:22:44.884 [main] DEBUG n.t.core.reports.ReportService - Found reporter: net.thucydides.core.reports.html.HtmlAcceptanceTestReporter@36f48b4(format = Optional[HTML])
10:22:44.884 [main] DEBUG n.t.core.reports.ReportService - Registering reporter: net.thucydides.core.reports.html.HtmlAcceptanceTestReporter@36f48b4
10:22:44.884 [main] DEBUG n.t.core.reports.ReportService - Reporting formats: [JSON, HTML]
10:22:44.891 [main] DEBUG n.t.core.reports.ReportService - Reporting formats: [JSON, HTML]
10:22:44.892 [main] DEBUG n.t.core.reports.ReportService - Found reporter: net.thucydides.core.reports.xml.XMLTestOutcomeReporter@72758afa(format = Optional[XML])
10:22:44.892 [main] DEBUG n.t.core.reports.ReportService - Found reporter: net.thucydides.core.reports.json.JSONTestOutcomeReporter@fb9c7aa(format = Optional[JSON])
10:22:44.892 [main] DEBUG n.t.core.reports.ReportService - Registering reporter: net.thucydides.core.reports.json.JSONTestOutcomeReporter@fb9c7aa
10:22:44.893 [main] DEBUG n.t.core.reports.ReportService - Found reporter: net.thucydides.core.reports.html.HtmlAcceptanceTestReporter@4c398c80(format = Optional[HTML])
10:22:44.893 [main] DEBUG n.t.core.reports.ReportService - Registering reporter: net.thucydides.core.reports.html.HtmlAcceptanceTestReporter@4c398c80
10:22:44.893 [main] DEBUG n.t.core.reports.ReportService - Reporting formats: [JSON, HTML]
10:22:44.901 [main] DEBUG n.t.core.reports.ReportService - Reporting formats: [JSON, HTML]
10:22:44.902 [main] DEBUG n.t.core.reports.ReportService - Found reporter: net.thucydides.core.reports.xml.XMLTestOutcomeReporter@4d18aa28(format = Optional[XML])
10:22:44.902 [main] DEBUG n.t.core.reports.ReportService - Found reporter: net.thucydides.core.reports.json.JSONTestOutcomeReporter@75390459(format = Optional[JSON])
10:22:44.902 [main] DEBUG n.t.core.reports.ReportService - Registering reporter: net.thucydides.core.reports.json.JSONTestOutcomeReporter@75390459
10:22:44.903 [main] DEBUG n.t.core.reports.ReportService - Found reporter: net.thucydides.core.reports.html.HtmlAcceptanceTestReporter@7756c3cd(format = Optional[HTML])
10:22:44.903 [main] DEBUG n.t.core.reports.ReportService - Registering reporter: net.thucydides.core.reports.html.HtmlAcceptanceTestReporter@7756c3cd
10:22:44.903 [main] DEBUG n.t.core.reports.ReportService - Reporting formats: [JSON, HTML]
10:22:44.910 [main] DEBUG n.t.core.reports.ReportService - Reporting formats: [JSON, HTML]
10:22:44.910 [main] DEBUG n.t.core.reports.ReportService - Found reporter: net.thucydides.core.reports.xml.XMLTestOutcomeReporter@62163b39(format = Optional[XML])
10:22:44.911 [main] DEBUG n.t.core.reports.ReportService - Found reporter: net.thucydides.core.reports.json.JSONTestOutcomeReporter@20a8a64e(format = Optional[JSON])
10:22:44.911 [main] DEBUG n.t.core.reports.ReportService - Registering reporter: net.thucydides.core.reports.json.JSONTestOutcomeReporter@20a8a64e
10:22:44.911 [main] DEBUG n.t.core.reports.ReportService - Found reporter: net.thucydides.core.reports.html.HtmlAcceptanceTestReporter@62f4ff3b(format = Optional[HTML])
10:22:44.911 [main] DEBUG n.t.core.reports.ReportService - Registering reporter: net.thucydides.core.reports.html.HtmlAcceptanceTestReporter@62f4ff3b
10:22:44.911 [main] DEBUG n.t.core.reports.ReportService - Reporting formats: [JSON, HTML]
10:22:44.962 [main] DEBUG n.t.core.reports.ReportService - Reporting formats: [JSON, HTML]
10:22:44.968 [main] DEBUG n.t.core.reports.ReportService - Found reporter: net.thucydides.core.reports.xml.XMLTestOutcomeReporter@f667fe(format = Optional[XML])
10:22:44.968 [main] DEBUG n.t.core.reports.ReportService - Found reporter: net.thucydides.core.reports.json.JSONTestOutcomeReporter@788fcafb(format = Optional[JSON])
10:22:44.968 [main] DEBUG n.t.core.reports.ReportService - Registering reporter: net.thucydides.core.reports.json.JSONTestOutcomeReporter@788fcafb
10:22:44.968 [main] DEBUG n.t.core.reports.ReportService - Found reporter: net.thucydides.core.reports.html.HtmlAcceptanceTestReporter@4febb875(format = Optional[HTML])
10:22:44.968 [main] DEBUG n.t.core.reports.ReportService - Registering reporter: net.thucydides.core.reports.html.HtmlAcceptanceTestReporter@4febb875
10:22:45.002 [main] DEBUG n.t.core.reports.ReportService - Reporting formats: [JSON, HTML]
10:22:45.009 [main] DEBUG n.t.core.reports.ReportService - Reporting formats: [JSON, HTML]
10:22:45.010 [main] DEBUG n.t.core.reports.ReportService - Found reporter: net.thucydides.core.reports.xml.XMLTestOutcomeReporter@b78a709(format = Optional[XML])
10:22:45.011 [main] DEBUG n.t.core.reports.ReportService - Found reporter: net.thucydides.core.reports.json.JSONTestOutcomeReporter@30bcf3c1(format = Optional[JSON])
10:22:45.011 [main] DEBUG n.t.core.reports.ReportService - Registering reporter: net.thucydides.core.reports.json.JSONTestOutcomeReporter@30bcf3c1
10:22:45.011 [main] DEBUG n.t.core.reports.ReportService - Found reporter: net.thucydides.core.reports.html.HtmlAcceptanceTestReporter@2a3c96e3(format = Optional[HTML])
10:22:45.011 [main] DEBUG n.t.core.reports.ReportService - Registering reporter: net.thucydides.core.reports.html.HtmlAcceptanceTestReporter@2a3c96e3
10:22:45.011 [main] DEBUG n.t.core.reports.ReportService - Reporting formats: [JSON, HTML]
10:22:45.019 [main] DEBUG n.t.core.reports.ReportService - Reporting formats: [JSON, HTML]
10:22:45.020 [main] DEBUG n.t.core.reports.ReportService - Found reporter: net.thucydides.core.reports.xml.XMLTestOutcomeReporter@129b4fe2(format = Optional[XML])
10:22:45.021 [main] DEBUG n.t.core.reports.ReportService - Found reporter: net.thucydides.core.reports.json.JSONTestOutcomeReporter@5af3a0f(format = Optional[JSON])
10:22:45.021 [main] DEBUG n.t.core.reports.ReportService - Registering reporter: net.thucydides.core.reports.json.JSONTestOutcomeReporter@5af3a0f
10:22:45.021 [main] DEBUG n.t.core.reports.ReportService - Found reporter: net.thucydides.core.reports.html.HtmlAcceptanceTestReporter@19ae6bb(format = Optional[HTML])
10:22:45.021 [main] DEBUG n.t.core.reports.ReportService - Registering reporter: net.thucydides.core.reports.html.HtmlAcceptanceTestReporter@19ae6bb
10:22:45.022 [main] DEBUG n.t.core.reports.ReportService - Reporting formats: [JSON, HTML]
10:22:45.056 [main] DEBUG n.t.core.reports.ReportService - Reporting formats: [JSON, HTML]
10:22:45.057 [main] DEBUG n.t.core.reports.ReportService - Found reporter: net.thucydides.core.reports.xml.XMLTestOutcomeReporter@d8305c2(format = Optional[XML])
10:22:45.059 [main] DEBUG n.t.core.reports.ReportService - Found reporter: net.thucydides.core.reports.json.JSONTestOutcomeReporter@56bca85b(format = Optional[JSON])
10:22:45.059 [main] DEBUG n.t.core.reports.ReportService - Registering reporter: net.thucydides.core.reports.json.JSONTestOutcomeReporter@56bca85b
10:22:45.060 [main] DEBUG n.t.core.reports.ReportService - Found reporter: net.thucydides.core.reports.html.HtmlAcceptanceTestReporter@75d0911a(format = Optional[HTML])
10:22:45.060 [main] DEBUG n.t.core.reports.ReportService - Registering reporter: net.thucydides.core.reports.html.HtmlAcceptanceTestReporter@75d0911a
10:22:45.062 [main] DEBUG n.t.core.reports.ReportService - Reporting formats: [JSON, HTML]
10:22:45.107 [main] DEBUG n.t.core.reports.ReportService - Reporting formats: [JSON, HTML]
10:22:45.110 [main] DEBUG n.t.core.reports.ReportService - Found reporter: net.thucydides.core.reports.xml.XMLTestOutcomeReporter@a8e6492(format = Optional[XML])
10:22:45.111 [main] DEBUG n.t.core.reports.ReportService - Found reporter: net.thucydides.core.reports.json.JSONTestOutcomeReporter@1c7fd41f(format = Optional[JSON])
10:22:45.111 [main] DEBUG n.t.core.reports.ReportService - Registering reporter: net.thucydides.core.reports.json.JSONTestOutcomeReporter@1c7fd41f
10:22:45.112 [main] DEBUG n.t.core.reports.ReportService - Found reporter: net.thucydides.core.reports.html.HtmlAcceptanceTestReporter@3b77a04f(format = Optional[HTML])
10:22:45.112 [main] DEBUG n.t.core.reports.ReportService - Registering reporter: net.thucydides.core.reports.html.HtmlAcceptanceTestReporter@3b77a04f
10:22:45.112 [main] DEBUG n.t.core.reports.ReportService - Reporting formats: [JSON, HTML]
10:22:45.155 [main] DEBUG n.t.core.reports.ReportService - Reporting formats: [JSON, HTML]
10:22:45.160 [main] DEBUG n.t.core.reports.ReportService - Found reporter: net.thucydides.core.reports.xml.XMLTestOutcomeReporter@4fbda97b(format = Optional[XML])
10:22:45.160 [main] DEBUG n.t.core.reports.ReportService - Found reporter: net.thucydides.core.reports.json.JSONTestOutcomeReporter@75f5fd58(format = Optional[JSON])
10:22:45.160 [main] DEBUG n.t.core.reports.ReportService - Registering reporter: net.thucydides.core.reports.json.JSONTestOutcomeReporter@75f5fd58
10:22:45.160 [main] DEBUG n.t.core.reports.ReportService - Found reporter: net.thucydides.core.reports.html.HtmlAcceptanceTestReporter@37b70343(format = Optional[HTML])
10:22:45.161 [main] DEBUG n.t.core.reports.ReportService - Registering reporter: net.thucydides.core.reports.html.HtmlAcceptanceTestReporter@37b70343
10:22:45.162 [main] DEBUG n.t.core.reports.ReportService - Reporting formats: [JSON, HTML]
10:22:45.173 [main] DEBUG n.t.core.reports.ReportService - Reporting formats: [JSON, HTML]
10:22:45.174 [main] DEBUG n.t.core.reports.ReportService - Found reporter: net.thucydides.core.reports.xml.XMLTestOutcomeReporter@dcfda20(format = Optional[XML])
10:22:45.174 [main] DEBUG n.t.core.reports.ReportService - Found reporter: net.thucydides.core.reports.json.JSONTestOutcomeReporter@6d304f9d(format = Optional[JSON])
10:22:45.174 [main] DEBUG n.t.core.reports.ReportService - Registering reporter: net.thucydides.core.reports.json.JSONTestOutcomeReporter@6d304f9d
10:22:45.174 [main] DEBUG n.t.core.reports.ReportService - Found reporter: net.thucydides.core.reports.html.HtmlAcceptanceTestReporter@f73dcd6(format = Optional[HTML])
10:22:45.174 [main] DEBUG n.t.core.reports.ReportService - Registering reporter: net.thucydides.core.reports.html.HtmlAcceptanceTestReporter@f73dcd6
10:22:45.174 [main] DEBUG n.t.core.reports.ReportService - Reporting formats: [JSON, HTML]
10:22:45.181 [main] DEBUG n.t.core.reports.ReportService - Reporting formats: [JSON, HTML]
10:22:45.183 [main] DEBUG n.t.core.reports.ReportService - Found reporter: net.thucydides.core.reports.xml.XMLTestOutcomeReporter@75ed9710(format = Optional[XML])
10:22:45.183 [main] DEBUG n.t.core.reports.ReportService - Found reporter: net.thucydides.core.reports.json.JSONTestOutcomeReporter@4fc5e095(format = Optional[JSON])
10:22:45.183 [main] DEBUG n.t.core.reports.ReportService - Registering reporter: net.thucydides.core.reports.json.JSONTestOutcomeReporter@4fc5e095
10:22:45.183 [main] DEBUG n.t.core.reports.ReportService - Found reporter: net.thucydides.core.reports.html.HtmlAcceptanceTestReporter@435871cb(format = Optional[HTML])
10:22:45.183 [main] DEBUG n.t.core.reports.ReportService - Registering reporter: net.thucydides.core.reports.html.HtmlAcceptanceTestReporter@435871cb
10:22:45.184 [main] DEBUG n.t.core.reports.ReportService - Reporting formats: [JSON, HTML]
10:22:45.190 [main] DEBUG n.t.core.reports.ReportService - Reporting formats: [JSON, HTML]
10:22:45.191 [main] DEBUG n.t.core.reports.ReportService - Found reporter: net.thucydides.core.reports.xml.XMLTestOutcomeReporter@efde75f(format = Optional[XML])
10:22:45.191 [main] DEBUG n.t.core.reports.ReportService - Found reporter: net.thucydides.core.reports.json.JSONTestOutcomeReporter@16ecee1(format = Optional[JSON])
10:22:45.191 [main] DEBUG n.t.core.reports.ReportService - Registering reporter: net.thucydides.core.reports.json.JSONTestOutcomeReporter@16ecee1
10:22:45.192 [main] DEBUG n.t.core.reports.ReportService - Found reporter: net.thucydides.core.reports.html.HtmlAcceptanceTestReporter@3b220bcb(format = Optional[HTML])
10:22:45.192 [main] DEBUG n.t.core.reports.ReportService - Registering reporter: net.thucydides.core.reports.html.HtmlAcceptanceTestReporter@3b220bcb
10:22:45.192 [main] DEBUG n.t.core.reports.ReportService - Reporting formats: [JSON, HTML]
10:22:45.236 [main] DEBUG n.t.core.reports.ReportService - Reporting formats: [JSON, HTML]
10:22:45.237 [main] DEBUG n.t.core.reports.ReportService - Found reporter: net.thucydides.core.reports.xml.XMLTestOutcomeReporter@1d8062d2(format = Optional[XML])
10:22:45.238 [main] DEBUG n.t.core.reports.ReportService - Found reporter: net.thucydides.core.reports.json.JSONTestOutcomeReporter@1e63ec0b(format = Optional[JSON])
10:22:45.238 [main] DEBUG n.t.core.reports.ReportService - Registering reporter: net.thucydides.core.reports.json.JSONTestOutcomeReporter@1e63ec0b
10:22:45.238 [main] DEBUG n.t.core.reports.ReportService - Found reporter: net.thucydides.core.reports.html.HtmlAcceptanceTestReporter@3b956878(format = Optional[HTML])
10:22:45.238 [main] DEBUG n.t.core.reports.ReportService - Registering reporter: net.thucydides.core.reports.html.HtmlAcceptanceTestReporter@3b956878
10:22:45.238 [main] DEBUG n.t.core.reports.ReportService - Reporting formats: [JSON, HTML]
10:22:45.246 [main] DEBUG n.t.core.reports.ReportService - Reporting formats: [JSON, HTML]
10:22:45.247 [main] DEBUG n.t.core.reports.ReportService - Found reporter: net.thucydides.core.reports.xml.XMLTestOutcomeReporter@7be58f16(format = Optional[XML])
10:22:45.247 [main] DEBUG n.t.core.reports.ReportService - Found reporter: net.thucydides.core.reports.json.JSONTestOutcomeReporter@242aa8d9(format = Optional[JSON])
10:22:45.247 [main] DEBUG n.t.core.reports.ReportService - Registering reporter: net.thucydides.core.reports.json.JSONTestOutcomeReporter@242aa8d9
10:22:45.248 [main] DEBUG n.t.core.reports.ReportService - Found reporter: net.thucydides.core.reports.html.HtmlAcceptanceTestReporter@5b11a194(format = Optional[HTML])
10:22:45.248 [main] DEBUG n.t.core.reports.ReportService - Registering reporter: net.thucydides.core.reports.html.HtmlAcceptanceTestReporter@5b11a194
10:22:45.248 [main] DEBUG n.t.core.reports.ReportService - Reporting formats: [JSON, HTML]
10:22:45.274 [main] DEBUG n.t.core.reports.ReportService - Reporting formats: [JSON, HTML]
10:22:45.276 [main] DEBUG n.t.core.reports.ReportService - Found reporter: net.thucydides.core.reports.xml.XMLTestOutcomeReporter@636e8cc(format = Optional[XML])
10:22:45.276 [main] DEBUG n.t.core.reports.ReportService - Found reporter: net.thucydides.core.reports.json.JSONTestOutcomeReporter@f79a760(format = Optional[JSON])
10:22:45.276 [main] DEBUG n.t.core.reports.ReportService - Registering reporter: net.thucydides.core.reports.json.JSONTestOutcomeReporter@f79a760
10:22:45.277 [main] DEBUG n.t.core.reports.ReportService - Found reporter: net.thucydides.core.reports.html.HtmlAcceptanceTestReporter@14f5da2c(format = Optional[HTML])
10:22:45.277 [main] DEBUG n.t.core.reports.ReportService - Registering reporter: net.thucydides.core.reports.html.HtmlAcceptanceTestReporter@14f5da2c
10:22:45.277 [main] DEBUG n.t.core.reports.ReportService - Reporting formats: [JSON, HTML]
10:22:45.316 [main] DEBUG n.t.core.reports.ReportService - Reporting formats: [JSON, HTML]
10:22:45.317 [main] DEBUG n.t.core.reports.ReportService - Found reporter: net.thucydides.core.reports.xml.XMLTestOutcomeReporter@53f48368(format = Optional[XML])
10:22:45.319 [main] DEBUG n.t.core.reports.ReportService - Found reporter: net.thucydides.core.reports.json.JSONTestOutcomeReporter@24d4d7c9(format = Optional[JSON])
10:22:45.319 [main] DEBUG n.t.core.reports.ReportService - Registering reporter: net.thucydides.core.reports.json.JSONTestOutcomeReporter@24d4d7c9
10:22:45.319 [main] DEBUG n.t.core.reports.ReportService - Found reporter: net.thucydides.core.reports.html.HtmlAcceptanceTestReporter@f0e995e(format = Optional[HTML])
10:22:45.320 [main] DEBUG n.t.core.reports.ReportService - Registering reporter: net.thucydides.core.reports.html.HtmlAcceptanceTestReporter@f0e995e
10:22:45.320 [main] DEBUG n.t.core.reports.ReportService - Reporting formats: [JSON, HTML]
10:22:45.327 [main] DEBUG n.t.core.reports.ReportService - Reporting formats: [JSON, HTML]
10:22:45.328 [main] DEBUG n.t.core.reports.ReportService - Found reporter: net.thucydides.core.reports.xml.XMLTestOutcomeReporter@1623134f(format = Optional[XML])
10:22:45.328 [main] DEBUG n.t.core.reports.ReportService - Found reporter: net.thucydides.core.reports.json.JSONTestOutcomeReporter@7a527389(format = Optional[JSON])
10:22:45.328 [main] DEBUG n.t.core.reports.ReportService - Registering reporter: net.thucydides.core.reports.json.JSONTestOutcomeReporter@7a527389
10:22:45.328 [main] DEBUG n.t.core.reports.ReportService - Found reporter: net.thucydides.core.reports.html.HtmlAcceptanceTestReporter@485a3466(format = Optional[HTML])
10:22:45.328 [main] DEBUG n.t.core.reports.ReportService - Registering reporter: net.thucydides.core.reports.html.HtmlAcceptanceTestReporter@485a3466
10:22:45.329 [main] DEBUG n.t.core.reports.ReportService - Reporting formats: [JSON, HTML]
10:22:45.336 [main] DEBUG n.t.core.reports.ReportService - Reporting formats: [JSON, HTML]
10:22:45.337 [main] DEBUG n.t.core.reports.ReportService - Found reporter: net.thucydides.core.reports.xml.XMLTestOutcomeReporter@4baf352a(format = Optional[XML])
10:22:45.337 [main] DEBUG n.t.core.reports.ReportService - Found reporter: net.thucydides.core.reports.json.JSONTestOutcomeReporter@1bb1fde8(format = Optional[JSON])
10:22:45.337 [main] DEBUG n.t.core.reports.ReportService - Registering reporter: net.thucydides.core.reports.json.JSONTestOutcomeReporter@1bb1fde8
10:22:45.337 [main] DEBUG n.t.core.reports.ReportService - Found reporter: net.thucydides.core.reports.html.HtmlAcceptanceTestReporter@15eebbff(format = Optional[HTML])
10:22:45.337 [main] DEBUG n.t.core.reports.ReportService - Registering reporter: net.thucydides.core.reports.html.HtmlAcceptanceTestReporter@15eebbff
10:22:45.337 [main] DEBUG n.t.core.reports.ReportService - Reporting formats: [JSON, HTML]
10:22:45.345 [main] DEBUG n.t.core.reports.ReportService - Reporting formats: [JSON, HTML]
10:22:45.346 [main] DEBUG n.t.core.reports.ReportService - Found reporter: net.thucydides.core.reports.xml.XMLTestOutcomeReporter@305f7627(format = Optional[XML])
10:22:45.346 [main] DEBUG n.t.core.reports.ReportService - Found reporter: net.thucydides.core.reports.json.JSONTestOutcomeReporter@5d018107(format = Optional[JSON])
10:22:45.346 [main] DEBUG n.t.core.reports.ReportService - Registering reporter: net.thucydides.core.reports.json.JSONTestOutcomeReporter@5d018107
10:22:45.346 [main] DEBUG n.t.core.reports.ReportService - Found reporter: net.thucydides.core.reports.html.HtmlAcceptanceTestReporter@6cbcf243(format = Optional[HTML])
10:22:45.346 [main] DEBUG n.t.core.reports.ReportService - Registering reporter: net.thucydides.core.reports.html.HtmlAcceptanceTestReporter@6cbcf243
10:22:45.348 [main] DEBUG n.t.core.reports.ReportService - Reporting formats: [JSON, HTML]
10:22:45.410 [main] DEBUG n.t.core.reports.ReportService - Reporting formats: [JSON, HTML]
10:22:45.412 [main] DEBUG n.t.core.reports.ReportService - Found reporter: net.thucydides.core.reports.xml.XMLTestOutcomeReporter@366ef90e(format = Optional[XML])
10:22:45.413 [main] DEBUG n.t.core.reports.ReportService - Found reporter: net.thucydides.core.reports.json.JSONTestOutcomeReporter@33e01298(format = Optional[JSON])
10:22:45.413 [main] DEBUG n.t.core.reports.ReportService - Registering reporter: net.thucydides.core.reports.json.JSONTestOutcomeReporter@33e01298
10:22:45.413 [main] DEBUG n.t.core.reports.ReportService - Found reporter: net.thucydides.core.reports.html.HtmlAcceptanceTestReporter@31e75d13(format = Optional[HTML])
10:22:45.413 [main] DEBUG n.t.core.reports.ReportService - Registering reporter: net.thucydides.core.reports.html.HtmlAcceptanceTestReporter@31e75d13
10:22:45.414 [main] DEBUG n.t.core.reports.ReportService - Reporting formats: [JSON, HTML]
10:22:45.421 [main] DEBUG n.t.core.reports.ReportService - Reporting formats: [JSON, HTML]
10:22:45.422 [main] DEBUG n.t.core.reports.ReportService - Found reporter: net.thucydides.core.reports.xml.XMLTestOutcomeReporter@5778826f(format = Optional[XML])
10:22:45.423 [main] DEBUG n.t.core.reports.ReportService - Found reporter: net.thucydides.core.reports.json.JSONTestOutcomeReporter@5b64c4b7(format = Optional[JSON])
10:22:45.423 [main] DEBUG n.t.core.reports.ReportService - Registering reporter: net.thucydides.core.reports.json.JSONTestOutcomeReporter@5b64c4b7
10:22:45.423 [main] DEBUG n.t.core.reports.ReportService - Found reporter: net.thucydides.core.reports.html.HtmlAcceptanceTestReporter@4763c727(format = Optional[HTML])
10:22:45.423 [main] DEBUG n.t.core.reports.ReportService - Registering reporter: net.thucydides.core.reports.html.HtmlAcceptanceTestReporter@4763c727
10:22:45.423 [main] DEBUG n.t.core.reports.ReportService - Reporting formats: [JSON, HTML]
10:22:45.430 [main] DEBUG n.t.core.reports.ReportService - Reporting formats: [JSON, HTML]
10:22:45.432 [main] DEBUG n.t.core.reports.ReportService - Found reporter: net.thucydides.core.reports.xml.XMLTestOutcomeReporter@2dbf4cbd(format = Optional[XML])
10:22:45.432 [main] DEBUG n.t.core.reports.ReportService - Found reporter: net.thucydides.core.reports.json.JSONTestOutcomeReporter@20b5f2ac(format = Optional[JSON])
10:22:45.432 [main] DEBUG n.t.core.reports.ReportService - Registering reporter: net.thucydides.core.reports.json.JSONTestOutcomeReporter@20b5f2ac
10:22:45.432 [main] DEBUG n.t.core.reports.ReportService - Found reporter: net.thucydides.core.reports.html.HtmlAcceptanceTestReporter@7fc44dec(format = Optional[HTML])
10:22:45.432 [main] DEBUG n.t.core.reports.ReportService - Registering reporter: net.thucydides.core.reports.html.HtmlAcceptanceTestReporter@7fc44dec
10:22:45.437 [main] DEBUG n.t.core.reports.ReportService - Reporting formats: [JSON, HTML]
10:22:45.444 [main] DEBUG n.t.core.reports.ReportService - Reporting formats: [JSON, HTML]
10:22:45.445 [main] DEBUG n.t.core.reports.ReportService - Found reporter: net.thucydides.core.reports.xml.XMLTestOutcomeReporter@878452d(format = Optional[XML])
10:22:45.446 [main] DEBUG n.t.core.reports.ReportService - Found reporter: net.thucydides.core.reports.json.JSONTestOutcomeReporter@426b6a74(format = Optional[JSON])
10:22:45.446 [main] DEBUG n.t.core.reports.ReportService - Registering reporter: net.thucydides.core.reports.json.JSONTestOutcomeReporter@426b6a74
10:22:45.446 [main] DEBUG n.t.core.reports.ReportService - Found reporter: net.thucydides.core.reports.html.HtmlAcceptanceTestReporter@4c51bb7(format = Optional[HTML])
10:22:45.446 [main] DEBUG n.t.core.reports.ReportService - Registering reporter: net.thucydides.core.reports.html.HtmlAcceptanceTestReporter@4c51bb7
10:22:45.447 [main] DEBUG n.t.core.reports.ReportService - Reporting formats: [JSON, HTML]
10:22:45.481 [main] DEBUG n.t.core.reports.ReportService - Reporting formats: [JSON, HTML]
10:22:45.483 [main] DEBUG n.t.core.reports.ReportService - Found reporter: net.thucydides.core.reports.xml.XMLTestOutcomeReporter@5536379e(format = Optional[XML])
10:22:45.483 [main] DEBUG n.t.core.reports.ReportService - Found reporter: net.thucydides.core.reports.json.JSONTestOutcomeReporter@277f7dd3(format = Optional[JSON])
10:22:45.483 [main] DEBUG n.t.core.reports.ReportService - Registering reporter: net.thucydides.core.reports.json.JSONTestOutcomeReporter@277f7dd3
10:22:45.484 [main] DEBUG n.t.core.reports.ReportService - Found reporter: net.thucydides.core.reports.html.HtmlAcceptanceTestReporter@6c8bca63(format = Optional[HTML])
10:22:45.484 [main] DEBUG n.t.core.reports.ReportService - Registering reporter: net.thucydides.core.reports.html.HtmlAcceptanceTestReporter@6c8bca63
10:22:45.485 [main] DEBUG n.t.core.reports.ReportService - Reporting formats: [JSON, HTML]
10:22:45.491 [main] DEBUG n.t.core.reports.ReportService - Reporting formats: [JSON, HTML]
10:22:45.492 [main] DEBUG n.t.core.reports.ReportService - Found reporter: net.thucydides.core.reports.xml.XMLTestOutcomeReporter@376a312c(format = Optional[XML])
10:22:45.492 [main] DEBUG n.t.core.reports.ReportService - Found reporter: net.thucydides.core.reports.json.JSONTestOutcomeReporter@28d6290(format = Optional[JSON])
10:22:45.492 [main] DEBUG n.t.core.reports.ReportService - Registering reporter: net.thucydides.core.reports.json.JSONTestOutcomeReporter@28d6290
10:22:45.493 [main] DEBUG n.t.core.reports.ReportService - Found reporter: net.thucydides.core.reports.html.HtmlAcceptanceTestReporter@6ca0256d(format = Optional[HTML])
10:22:45.493 [main] DEBUG n.t.core.reports.ReportService - Registering reporter: net.thucydides.core.reports.html.HtmlAcceptanceTestReporter@6ca0256d
10:22:45.493 [main] DEBUG n.t.core.reports.ReportService - Reporting formats: [JSON, HTML]
10:22:45.556 [main] DEBUG n.t.core.reports.ReportService - Reporting formats: [JSON, HTML]
10:22:45.560 [main] DEBUG n.t.core.reports.ReportService - Found reporter: net.thucydides.core.reports.xml.XMLTestOutcomeReporter@2cac4385(format = Optional[XML])
10:22:45.561 [main] DEBUG n.t.core.reports.ReportService - Found reporter: net.thucydides.core.reports.json.JSONTestOutcomeReporter@6731787b(format = Optional[JSON])
10:22:45.561 [main] DEBUG n.t.core.reports.ReportService - Registering reporter: net.thucydides.core.reports.json.JSONTestOutcomeReporter@6731787b
10:22:45.561 [main] DEBUG n.t.core.reports.ReportService - Found reporter: net.thucydides.core.reports.html.HtmlAcceptanceTestReporter@16f7b4af(format = Optional[HTML])
10:22:45.561 [main] DEBUG n.t.core.reports.ReportService - Registering reporter: net.thucydides.core.reports.html.HtmlAcceptanceTestReporter@16f7b4af
10:22:45.561 [main] DEBUG n.t.core.reports.ReportService - Reporting formats: [JSON, HTML]
10:22:45.628 [main] DEBUG n.t.core.reports.ReportService - Reporting formats: [JSON, HTML]
10:22:45.628 [main] DEBUG n.t.core.reports.ReportService - Found reporter: net.thucydides.core.reports.xml.XMLTestOutcomeReporter@1d7f7be7(format = Optional[XML])
10:22:45.628 [main] DEBUG n.t.core.reports.ReportService - Found reporter: net.thucydides.core.reports.json.JSONTestOutcomeReporter@42f3156d(format = Optional[JSON])
10:22:45.628 [main] DEBUG n.t.core.reports.ReportService - Registering reporter: net.thucydides.core.reports.json.JSONTestOutcomeReporter@42f3156d
10:22:45.629 [main] DEBUG n.t.core.reports.ReportService - Found reporter: net.thucydides.core.reports.html.HtmlAcceptanceTestReporter@1ddae9b5(format = Optional[HTML])
10:22:45.629 [main] DEBUG n.t.core.reports.ReportService - Registering reporter: net.thucydides.core.reports.html.HtmlAcceptanceTestReporter@1ddae9b5
10:22:45.629 [main] DEBUG n.t.core.reports.ReportService - Reporting formats: [JSON, HTML]
10:22:45.733 [main] DEBUG n.t.core.reports.ReportService - Reporting formats: [JSON, HTML]
10:22:45.733 [main] DEBUG n.t.core.reports.ReportService - Found reporter: net.thucydides.core.reports.xml.XMLTestOutcomeReporter@346939bf(format = Optional[XML])
10:22:45.734 [main] DEBUG n.t.core.reports.ReportService - Found reporter: net.thucydides.core.reports.json.JSONTestOutcomeReporter@4bf3798b(format = Optional[JSON])
10:22:45.734 [main] DEBUG n.t.core.reports.ReportService - Registering reporter: net.thucydides.core.reports.json.JSONTestOutcomeReporter@4bf3798b
10:22:45.734 [main] DEBUG n.t.core.reports.ReportService - Found reporter: net.thucydides.core.reports.html.HtmlAcceptanceTestReporter@58670130(format = Optional[HTML])
10:22:45.734 [main] DEBUG n.t.core.reports.ReportService - Registering reporter: net.thucydides.core.reports.html.HtmlAcceptanceTestReporter@58670130
10:22:45.735 [main] DEBUG n.t.core.reports.ReportService - Reporting formats: [JSON, HTML]
10:22:45.748 [main] DEBUG n.t.core.reports.ReportService - Reporting formats: [JSON, HTML]
10:22:45.749 [main] DEBUG n.t.core.reports.ReportService - Found reporter: net.thucydides.core.reports.xml.XMLTestOutcomeReporter@162be91c(format = Optional[XML])
10:22:45.750 [main] DEBUG n.t.core.reports.ReportService - Found reporter: net.thucydides.core.reports.json.JSONTestOutcomeReporter@2488b073(format = Optional[JSON])
10:22:45.750 [main] DEBUG n.t.core.reports.ReportService - Registering reporter: net.thucydides.core.reports.json.JSONTestOutcomeReporter@2488b073
10:22:45.752 [main] DEBUG n.t.core.reports.ReportService - Found reporter: net.thucydides.core.reports.html.HtmlAcceptanceTestReporter@1c9f0a20(format = Optional[HTML])
10:22:45.752 [main] DEBUG n.t.core.reports.ReportService - Registering reporter: net.thucydides.core.reports.html.HtmlAcceptanceTestReporter@1c9f0a20
10:22:45.753 [main] DEBUG n.t.core.reports.ReportService - Reporting formats: [JSON, HTML]
10:22:45.762 [main] DEBUG n.t.core.reports.ReportService - Reporting formats: [JSON, HTML]
10:22:45.765 [main] DEBUG n.t.core.reports.ReportService - Found reporter: net.thucydides.core.reports.xml.XMLTestOutcomeReporter@7c7d3c46(format = Optional[XML])
10:22:45.765 [main] DEBUG n.t.core.reports.ReportService - Found reporter: net.thucydides.core.reports.json.JSONTestOutcomeReporter@24fb6a80(format = Optional[JSON])
10:22:45.765 [main] DEBUG n.t.core.reports.ReportService - Registering reporter: net.thucydides.core.reports.json.JSONTestOutcomeReporter@24fb6a80
10:22:45.765 [main] DEBUG n.t.core.reports.ReportService - Found reporter: net.thucydides.core.reports.html.HtmlAcceptanceTestReporter@48c35007(format = Optional[HTML])
10:22:45.765 [main] DEBUG n.t.core.reports.ReportService - Registering reporter: net.thucydides.core.reports.html.HtmlAcceptanceTestReporter@48c35007
10:22:45.766 [main] DEBUG n.t.core.reports.ReportService - Reporting formats: [JSON, HTML]
10:22:45.772 [main] DEBUG n.t.core.reports.ReportService - Reporting formats: [JSON, HTML]
10:22:45.773 [main] DEBUG n.t.core.reports.ReportService - Found reporter: net.thucydides.core.reports.xml.XMLTestOutcomeReporter@107ed6fc(format = Optional[XML])
10:22:45.852 [main] DEBUG n.t.core.reports.ReportService - Found reporter: net.thucydides.core.reports.json.JSONTestOutcomeReporter@1643d68f(format = Optional[JSON])
10:22:45.852 [main] DEBUG n.t.core.reports.ReportService - Registering reporter: net.thucydides.core.reports.json.JSONTestOutcomeReporter@1643d68f
10:22:45.853 [main] DEBUG n.t.core.reports.ReportService - Found reporter: net.thucydides.core.reports.html.HtmlAcceptanceTestReporter@186978a6(format = Optional[HTML])
10:22:45.853 [main] DEBUG n.t.core.reports.ReportService - Registering reporter: net.thucydides.core.reports.html.HtmlAcceptanceTestReporter@186978a6
10:22:45.853 [main] DEBUG n.t.core.reports.ReportService - Reporting formats: [JSON, HTML]
10:22:45.868 [main] DEBUG n.t.core.reports.ReportService - Reporting formats: [JSON, HTML]
10:22:45.869 [main] DEBUG n.t.core.reports.ReportService - Found reporter: net.thucydides.core.reports.xml.XMLTestOutcomeReporter@741b3bc3(format = Optional[XML])
10:22:45.869 [main] DEBUG n.t.core.reports.ReportService - Found reporter: net.thucydides.core.reports.json.JSONTestOutcomeReporter@2ed3b1f5(format = Optional[JSON])
10:22:45.869 [main] DEBUG n.t.core.reports.ReportService - Registering reporter: net.thucydides.core.reports.json.JSONTestOutcomeReporter@2ed3b1f5
10:22:45.870 [main] DEBUG n.t.core.reports.ReportService - Found reporter: net.thucydides.core.reports.html.HtmlAcceptanceTestReporter@63648ee9(format = Optional[HTML])
10:22:45.870 [main] DEBUG n.t.core.reports.ReportService - Registering reporter: net.thucydides.core.reports.html.HtmlAcceptanceTestReporter@63648ee9
10:22:45.871 [main] DEBUG n.t.core.reports.ReportService - Reporting formats: [JSON, HTML]
10:22:45.894 [main] DEBUG n.t.core.reports.ReportService - Reporting formats: [JSON, HTML]
10:22:45.901 [main] DEBUG n.t.core.reports.ReportService - Found reporter: net.thucydides.core.reports.xml.XMLTestOutcomeReporter@545de5a4(format = Optional[XML])
10:22:45.902 [main] DEBUG n.t.core.reports.ReportService - Found reporter: net.thucydides.core.reports.json.JSONTestOutcomeReporter@29ef6856(format = Optional[JSON])
10:22:45.902 [main] DEBUG n.t.core.reports.ReportService - Registering reporter: net.thucydides.core.reports.json.JSONTestOutcomeReporter@29ef6856
10:22:45.902 [main] DEBUG n.t.core.reports.ReportService - Found reporter: net.thucydides.core.reports.html.HtmlAcceptanceTestReporter@ab7a938(format = Optional[HTML])
10:22:45.902 [main] DEBUG n.t.core.reports.ReportService - Registering reporter: net.thucydides.core.reports.html.HtmlAcceptanceTestReporter@ab7a938
10:22:45.903 [main] DEBUG n.t.core.reports.ReportService - Reporting formats: [JSON, HTML]
10:22:45.910 [main] DEBUG n.t.core.reports.ReportService - Reporting formats: [JSON, HTML]
10:22:45.911 [main] DEBUG n.t.core.reports.ReportService - Found reporter: net.thucydides.core.reports.xml.XMLTestOutcomeReporter@319988b0(format = Optional[XML])
10:22:45.911 [main] DEBUG n.t.core.reports.ReportService - Found reporter: net.thucydides.core.reports.json.JSONTestOutcomeReporter@d5ae57e(format = Optional[JSON])
10:22:45.911 [main] DEBUG n.t.core.reports.ReportService - Registering reporter: net.thucydides.core.reports.json.JSONTestOutcomeReporter@d5ae57e
10:22:45.913 [main] DEBUG n.t.core.reports.ReportService - Found reporter: net.thucydides.core.reports.html.HtmlAcceptanceTestReporter@68759011(format = Optional[HTML])
10:22:45.913 [main] DEBUG n.t.core.reports.ReportService - Registering reporter: net.thucydides.core.reports.html.HtmlAcceptanceTestReporter@68759011
10:22:45.913 [main] DEBUG n.t.core.reports.ReportService - Reporting formats: [JSON, HTML]
10:22:46.031 [main] DEBUG n.t.core.reports.ReportService - Reporting formats: [JSON, HTML]
10:22:46.032 [main] DEBUG n.t.core.reports.ReportService - Found reporter: net.thucydides.core.reports.xml.XMLTestOutcomeReporter@7fcbe147(format = Optional[XML])
10:22:46.032 [main] DEBUG n.t.core.reports.ReportService - Found reporter: net.thucydides.core.reports.json.JSONTestOutcomeReporter@235f4c10(format = Optional[JSON])
10:22:46.033 [main] DEBUG n.t.core.reports.ReportService - Registering reporter: net.thucydides.core.reports.json.JSONTestOutcomeReporter@235f4c10
10:22:46.033 [main] DEBUG n.t.core.reports.ReportService - Found reporter: net.thucydides.core.reports.html.HtmlAcceptanceTestReporter@743cb8e0(format = Optional[HTML])
10:22:46.033 [main] DEBUG n.t.core.reports.ReportService - Registering reporter: net.thucydides.core.reports.html.HtmlAcceptanceTestReporter@743cb8e0
10:22:46.033 [main] DEBUG n.t.core.reports.ReportService - Reporting formats: [JSON, HTML]
10:22:46.040 [main] DEBUG n.t.core.reports.ReportService - Reporting formats: [JSON, HTML]
10:22:46.041 [main] DEBUG n.t.core.reports.ReportService - Found reporter: net.thucydides.core.reports.xml.XMLTestOutcomeReporter@5241cf67(format = Optional[XML])
10:22:46.042 [main] DEBUG n.t.core.reports.ReportService - Found reporter: net.thucydides.core.reports.json.JSONTestOutcomeReporter@716a7124(format = Optional[JSON])
10:22:46.042 [main] DEBUG n.t.core.reports.ReportService - Registering reporter: net.thucydides.core.reports.json.JSONTestOutcomeReporter@716a7124
10:22:46.042 [main] DEBUG n.t.core.reports.ReportService - Found reporter: net.thucydides.core.reports.html.HtmlAcceptanceTestReporter@77192705(format = Optional[HTML])
10:22:46.042 [main] DEBUG n.t.core.reports.ReportService - Registering reporter: net.thucydides.core.reports.html.HtmlAcceptanceTestReporter@77192705
10:22:46.043 [main] DEBUG n.t.core.reports.ReportService - Reporting formats: [JSON, HTML]
10:22:46.050 [main] DEBUG n.t.core.reports.ReportService - Reporting formats: [JSON, HTML]
10:22:46.051 [main] DEBUG n.t.core.reports.ReportService - Found reporter: net.thucydides.core.reports.xml.XMLTestOutcomeReporter@7fd4acee(format = Optional[XML])
10:22:46.051 [main] DEBUG n.t.core.reports.ReportService - Found reporter: net.thucydides.core.reports.json.JSONTestOutcomeReporter@165b8a71(format = Optional[JSON])
10:22:46.051 [main] DEBUG n.t.core.reports.ReportService - Registering reporter: net.thucydides.core.reports.json.JSONTestOutcomeReporter@165b8a71
10:22:46.051 [main] DEBUG n.t.core.reports.ReportService - Found reporter: net.thucydides.core.reports.html.HtmlAcceptanceTestReporter@6175619b(format = Optional[HTML])
10:22:46.052 [main] DEBUG n.t.core.reports.ReportService - Registering reporter: net.thucydides.core.reports.html.HtmlAcceptanceTestReporter@6175619b
10:22:46.054 [main] DEBUG n.t.core.reports.ReportService - Reporting formats: [JSON, HTML]
10:22:46.060 [main] DEBUG n.t.core.reports.ReportService - Reporting formats: [JSON, HTML]
10:22:46.061 [main] DEBUG n.t.core.reports.ReportService - Found reporter: net.thucydides.core.reports.xml.XMLTestOutcomeReporter@5d465e4b(format = Optional[XML])
10:22:46.062 [main] DEBUG n.t.core.reports.ReportService - Found reporter: net.thucydides.core.reports.json.JSONTestOutcomeReporter@53e211ee(format = Optional[JSON])
10:22:46.062 [main] DEBUG n.t.core.reports.ReportService - Registering reporter: net.thucydides.core.reports.json.JSONTestOutcomeReporter@53e211ee
10:22:46.062 [main] DEBUG n.t.core.reports.ReportService - Found reporter: net.thucydides.core.reports.html.HtmlAcceptanceTestReporter@41a90fa8(format = Optional[HTML])
10:22:46.062 [main] DEBUG n.t.core.reports.ReportService - Registering reporter: net.thucydides.core.reports.html.HtmlAcceptanceTestReporter@41a90fa8
10:22:46.063 [main] DEBUG n.t.core.reports.ReportService - Reporting formats: [JSON, HTML]
10:22:46.184 [main] DEBUG n.t.core.reports.ReportService - Reporting formats: [JSON, HTML]
10:22:46.185 [main] DEBUG n.t.core.reports.ReportService - Found reporter: net.thucydides.core.reports.xml.XMLTestOutcomeReporter@f9d87b(format = Optional[XML])
10:22:46.185 [main] DEBUG n.t.core.reports.ReportService - Found reporter: net.thucydides.core.reports.json.JSONTestOutcomeReporter@6ffab045(format = Optional[JSON])
10:22:46.185 [main] DEBUG n.t.core.reports.ReportService - Registering reporter: net.thucydides.core.reports.json.JSONTestOutcomeReporter@6ffab045
10:22:46.185 [main] DEBUG n.t.core.reports.ReportService - Found reporter: net.thucydides.core.reports.html.HtmlAcceptanceTestReporter@26fb628(format = Optional[HTML])
10:22:46.185 [main] DEBUG n.t.core.reports.ReportService - Registering reporter: net.thucydides.core.reports.html.HtmlAcceptanceTestReporter@26fb628
10:22:46.185 [main] DEBUG n.t.core.reports.ReportService - Reporting formats: [JSON, HTML]
10:22:46.192 [main] DEBUG n.t.core.reports.ReportService - Reporting formats: [JSON, HTML]
10:22:46.193 [main] DEBUG n.t.core.reports.ReportService - Found reporter: net.thucydides.core.reports.xml.XMLTestOutcomeReporter@1c98290c(format = Optional[XML])
10:22:46.193 [main] DEBUG n.t.core.reports.ReportService - Found reporter: net.thucydides.core.reports.json.JSONTestOutcomeReporter@172ca72b(format = Optional[JSON])
10:22:46.193 [main] DEBUG n.t.core.reports.ReportService - Registering reporter: net.thucydides.core.reports.json.JSONTestOutcomeReporter@172ca72b
10:22:46.193 [main] DEBUG n.t.core.reports.ReportService - Found reporter: net.thucydides.core.reports.html.HtmlAcceptanceTestReporter@5bda80bf(format = Optional[HTML])
10:22:46.194 [main] DEBUG n.t.core.reports.ReportService - Registering reporter: net.thucydides.core.reports.html.HtmlAcceptanceTestReporter@5bda80bf
10:22:46.194 [main] DEBUG n.t.core.reports.ReportService - Reporting formats: [JSON, HTML]
10:22:46.204 [main] DEBUG n.t.core.reports.ReportService - Reporting formats: [JSON, HTML]
10:22:46.205 [main] DEBUG n.t.core.reports.ReportService - Found reporter: net.thucydides.core.reports.xml.XMLTestOutcomeReporter@1849db1a(format = Optional[XML])
10:22:46.205 [main] DEBUG n.t.core.reports.ReportService - Found reporter: net.thucydides.core.reports.json.JSONTestOutcomeReporter@69c79f09(format = Optional[JSON])
10:22:46.205 [main] DEBUG n.t.core.reports.ReportService - Registering reporter: net.thucydides.core.reports.json.JSONTestOutcomeReporter@69c79f09
10:22:46.205 [main] DEBUG n.t.core.reports.ReportService - Found reporter: net.thucydides.core.reports.html.HtmlAcceptanceTestReporter@1ca25c47(format = Optional[HTML])
10:22:46.206 [main] DEBUG n.t.core.reports.ReportService - Registering reporter: net.thucydides.core.reports.html.HtmlAcceptanceTestReporter@1ca25c47
10:22:46.207 [main] DEBUG n.t.core.reports.ReportService - Reporting formats: [JSON, HTML]
10:22:46.223 [main] DEBUG n.t.core.reports.ReportService - Reporting formats: [JSON, HTML]
10:22:46.225 [main] DEBUG n.t.core.reports.ReportService - Found reporter: net.thucydides.core.reports.xml.XMLTestOutcomeReporter@33352f32(format = Optional[XML])
10:22:46.226 [main] DEBUG n.t.core.reports.ReportService - Found reporter: net.thucydides.core.reports.json.JSONTestOutcomeReporter@5f3b9c57(format = Optional[JSON])
10:22:46.226 [main] DEBUG n.t.core.reports.ReportService - Registering reporter: net.thucydides.core.reports.json.JSONTestOutcomeReporter@5f3b9c57
10:22:46.226 [main] DEBUG n.t.core.reports.ReportService - Found reporter: net.thucydides.core.reports.html.HtmlAcceptanceTestReporter@1e044120(format = Optional[HTML])
10:22:46.226 [main] DEBUG n.t.core.reports.ReportService - Registering reporter: net.thucydides.core.reports.html.HtmlAcceptanceTestReporter@1e044120
10:22:46.369 [main] DEBUG n.t.core.reports.ReportService - Reporting formats: [JSON, HTML]
10:22:46.379 [main] DEBUG n.t.core.reports.ReportService - Reporting formats: [JSON, HTML]
10:22:46.383 [main] DEBUG n.t.core.reports.ReportService - Found reporter: net.thucydides.core.reports.xml.XMLTestOutcomeReporter@51e4ccb3(format = Optional[XML])
10:22:46.384 [main] DEBUG n.t.core.reports.ReportService - Found reporter: net.thucydides.core.reports.json.JSONTestOutcomeReporter@46e8a539(format = Optional[JSON])
10:22:46.384 [main] DEBUG n.t.core.reports.ReportService - Registering reporter: net.thucydides.core.reports.json.JSONTestOutcomeReporter@46e8a539
10:22:46.385 [main] DEBUG n.t.core.reports.ReportService - Found reporter: net.thucydides.core.reports.html.HtmlAcceptanceTestReporter@495083a0(format = Optional[HTML])
10:22:46.385 [main] DEBUG n.t.core.reports.ReportService - Registering reporter: net.thucydides.core.reports.html.HtmlAcceptanceTestReporter@495083a0
10:22:46.385 [main] DEBUG n.t.core.reports.ReportService - Reporting formats: [JSON, HTML]
10:22:46.391 [main] DEBUG n.t.core.reports.ReportService - Reporting formats: [JSON, HTML]
10:22:46.391 [main] DEBUG n.t.core.reports.ReportService - Found reporter: net.thucydides.core.reports.xml.XMLTestOutcomeReporter@3af17be2(format = Optional[XML])
10:22:46.392 [main] DEBUG n.t.core.reports.ReportService - Found reporter: net.thucydides.core.reports.json.JSONTestOutcomeReporter@f9879ac(format = Optional[JSON])
10:22:46.392 [main] DEBUG n.t.core.reports.ReportService - Registering reporter: net.thucydides.core.reports.json.JSONTestOutcomeReporter@f9879ac
10:22:46.392 [main] DEBUG n.t.core.reports.ReportService - Found reporter: net.thucydides.core.reports.html.HtmlAcceptanceTestReporter@37f21974(format = Optional[HTML])
10:22:46.392 [main] DEBUG n.t.core.reports.ReportService - Registering reporter: net.thucydides.core.reports.html.HtmlAcceptanceTestReporter@37f21974
10:22:46.393 [main] DEBUG n.t.core.reports.ReportService - Reporting formats: [JSON, HTML]
10:22:46.400 [main] DEBUG n.t.core.reports.ReportService - Reporting formats: [JSON, HTML]
10:22:46.402 [main] DEBUG n.t.core.reports.ReportService - Found reporter: net.thucydides.core.reports.xml.XMLTestOutcomeReporter@5ab14cb9(format = Optional[XML])
10:22:46.402 [main] DEBUG n.t.core.reports.ReportService - Found reporter: net.thucydides.core.reports.json.JSONTestOutcomeReporter@5fb97279(format = Optional[JSON])
[...]
          \_\                                                            

TEST FAILED: DataDriven Test for adding multiple students to the Student App
--------------------------------------------------------------------------
10:23:29.071 [CreateStudentsDataDrivenTest-1-thread-1] DEBUG n.t.c.steps.ConsoleLoggingListener - RELATED ISSUES: 
10:23:29.071 [CreateStudentsDataDrivenTest-1-thread-1] ERROR n.t.c.steps.ConsoleLoggingListener - 1 expectation failed.Expected status code <201> but was <500>.
]]></system-out>
  </testcase>
  <testcase name="createMultipleStudents[88]" classname="com.studentapp.junit.CreateStudentsDataDrivenTest" time="0.029">
    <failure message="1 expectation failed.&#10;Expected status code &lt;201&gt; but was &lt;500&gt;.&#10;" type="java.lang.AssertionError"><![CDATA[java.lang.AssertionError: 
1 expectation failed.
Expected status code <201> but was <500>.

	at com.studentapp.junit.CreateStudentsDataDrivenTest.createMultipleStudents(CreateStudentsDataDrivenTest.java:86)
]]></failure>
  </testcase>
  <testcase name="createMultipleStudents[89]" classname="com.studentapp.junit.CreateStudentsDataDrivenTest" time="0.033">
    <failure message="1 expectation failed.&#10;Expected status code &lt;201&gt; but was &lt;500&gt;.&#10;" type="java.lang.AssertionError"><![CDATA[java.lang.AssertionError: 
1 expectation failed.
Expected status code <201> but was <500>.

	at com.studentapp.junit.CreateStudentsDataDrivenTest.createMultipleStudents(CreateStudentsDataDrivenTest.java:86)
]]></failure>
    <system-out><![CDATA[10:23:29.076 [CreateStudentsDataDrivenTest-1-thread-11] ERROR n.t.c.steps.ConsoleLoggingListener - 
           __  _____ _____ ____ _____   _____ _    ___ _     _____ ____  
  _       / / |_   _| ____/ ___|_   _| |  ___/ \  |_ _| |   | ____|  _ \ 
 (_)_____| |    | | |  _| \___ \ | |   | |_ / _ \  | || |   |  _| | | | |
  _|_____| |    | | | |___ ___) || |   |  _/ ___ \ | || |___| |___| |_| |
 (_)     | |    |_| |_____|____/ |_|   |_|/_/   \_\___|_____|_____|____/ 
          \_\                                                            

TEST FAILED: DataDriven Test for adding multiple students to the Student App
--------------------------------------------------------------------------
10:23:29.076 [CreateStudentsDataDrivenTest-1-thread-11] DEBUG n.t.c.steps.ConsoleLoggingListener - RELATED ISSUES: 
10:23:29.076 [CreateStudentsDataDrivenTest-1-thread-11] ERROR n.t.c.steps.ConsoleLoggingListener - 1 expectation failed.Expected status code <201> but was <500>.
]]></system-out>
  </testcase>
  <testcase name="createMultipleStudents[90]" classname="com.studentapp.junit.CreateStudentsDataDrivenTest" time="0.036">
    <failure message="1 expectation failed.&#10;Expected status code &lt;201&gt; but was &lt;500&gt;.&#10;" type="java.lang.AssertionError"><![CDATA[java.lang.AssertionError: 
1 expectation failed.
Expected status code <201> but was <500>.

	at com.studentapp.junit.CreateStudentsDataDrivenTest.createMultipleStudents(CreateStudentsDataDrivenTest.java:86)
]]></failure>
    <system-out><![CDATA[10:23:29.079 [CreateStudentsDataDrivenTest-1-thread-4] ERROR n.t.c.steps.ConsoleLoggingListener - 
           __  _____ _____ ____ _____   _____ _    ___ _     _____ ____  
  _       / / |_   _| ____/ ___|_   _| |  ___/ \  |_ _| |   | ____|  _ \ 
 (_)_____| |    | | |  _| \___ \ | |   | |_ / _ \  | || |   |  _| | | | |
  _|_____| |    | | | |___ ___) || |   |  _/ ___ \ | || |___| |___| |_| |
 (_)     | |    |_| |_____|____/ |_|   |_|/_/   \_\___|_____|_____|____/ 
          \_\                                                            

TEST FAILED: DataDriven Test for adding multiple students to the Student App
--------------------------------------------------------------------------
10:23:29.080 [CreateStudentsDataDrivenTest-1-thread-4] DEBUG n.t.c.steps.ConsoleLoggingListener - RELATED ISSUES: 
10:23:29.080 [CreateStudentsDataDrivenTest-1-thread-4] ERROR n.t.c.steps.ConsoleLoggingListener - 1 expectation failed.Expected status code <201> but was <500>.
]]></system-out>
  </testcase>
  <testcase name="createMultipleStudents[91]" classname="com.studentapp.junit.CreateStudentsDataDrivenTest" time="0.04">
    <failure message="1 expectation failed.&#10;Expected status code &lt;201&gt; but was &lt;500&gt;.&#10;" type="java.lang.AssertionError"><![CDATA[java.lang.AssertionError: 
1 expectation failed.
Expected status code <201> but was <500>.

	at com.studentapp.junit.CreateStudentsDataDrivenTest.createMultipleStudents(CreateStudentsDataDrivenTest.java:86)
]]></failure>
    <system-out><![CDATA[10:23:29.085 [CreateStudentsDataDrivenTest-1-thread-5] ERROR n.t.c.steps.ConsoleLoggingListener - 
           __  _____ _____ ____ _____   _____ _    ___ _     _____ ____  
  _       / / |_   _| ____/ ___|_   _| |  ___/ \  |_ _| |   | ____|  _ \ 
 (_)_____| |    | | |  _| \___ \ | |   | |_ / _ \  | || |   |  _| | | | |
  _|_____| |    | | | |___ ___) || |   |  _/ ___ \ | || |___| |___| |_| |
 (_)     | |    |_| |_____|____/ |_|   |_|/_/   \_\___|_____|_____|____/ 
          \_\                                                            

TEST FAILED: DataDriven Test for adding multiple students to the Student App
--------------------------------------------------------------------------
10:23:29.085 [CreateStudentsDataDrivenTest-1-thread-5] DEBUG n.t.c.steps.ConsoleLoggingListener - RELATED ISSUES: 
10:23:29.085 [CreateStudentsDataDrivenTest-1-thread-5] ERROR n.t.c.steps.ConsoleLoggingListener - 1 expectation failed.Expected status code <201> but was <500>.
]]></system-out>
  </testcase>
  <testcase name="createMultipleStudents[92]" classname="com.studentapp.junit.CreateStudentsDataDrivenTest" time="0.04">
    <failure message="1 expectation failed.&#10;Expected status code &lt;201&gt; but was &lt;500&gt;.&#10;" type="java.lang.AssertionError"><![CDATA[java.lang.AssertionError: 
1 expectation failed.
Expected status code <201> but was <500>.

	at com.studentapp.junit.CreateStudentsDataDrivenTest.createMultipleStudents(CreateStudentsDataDrivenTest.java:86)
]]></failure>
  </testcase>
  <testcase name="createMultipleStudents[93]" classname="com.studentapp.junit.CreateStudentsDataDrivenTest" time="0.04">
    <failure message="1 expectation failed.&#10;Expected status code &lt;201&gt; but was &lt;500&gt;.&#10;" type="java.lang.AssertionError"><![CDATA[java.lang.AssertionError: 
1 expectation failed.
Expected status code <201> but was <500>.

	at com.studentapp.junit.CreateStudentsDataDrivenTest.createMultipleStudents(CreateStudentsDataDrivenTest.java:86)
]]></failure>
  </testcase>
  <testcase name="createMultipleStudents[97]" classname="com.studentapp.junit.CreateStudentsDataDrivenTest" time="0.04">
    <failure message="1 expectation failed.&#10;Expected status code &lt;201&gt; but was &lt;500&gt;.&#10;" type="java.lang.AssertionError"><![CDATA[java.lang.AssertionError: 
1 expectation failed.
Expected status code <201> but was <500>.

	at com.studentapp.junit.CreateStudentsDataDrivenTest.createMultipleStudents(CreateStudentsDataDrivenTest.java:86)
]]></failure>
  </testcase>
  <testcase name="createMultipleStudents[95]" classname="com.studentapp.junit.CreateStudentsDataDrivenTest" time="0.04">
    <failure message="1 expectation failed.&#10;Expected status code &lt;201&gt; but was &lt;500&gt;.&#10;" type="java.lang.AssertionError"><![CDATA[java.lang.AssertionError: 
1 expectation failed.
Expected status code <201> but was <500>.

	at com.studentapp.junit.CreateStudentsDataDrivenTest.createMultipleStudents(CreateStudentsDataDrivenTest.java:86)
]]></failure>
  </testcase>
  <testcase name="createMultipleStudents[94]" classname="com.studentapp.junit.CreateStudentsDataDrivenTest" time="0.04">
    <failure message="1 expectation failed.&#10;Expected status code &lt;201&gt; but was &lt;500&gt;.&#10;" type="java.lang.AssertionError"><![CDATA[java.lang.AssertionError: 
1 expectation failed.
Expected status code <201> but was <500>.

	at com.studentapp.junit.CreateStudentsDataDrivenTest.createMultipleStudents(CreateStudentsDataDrivenTest.java:86)
]]></failure>
  </testcase>
  <testcase name="createMultipleStudents[98]" classname="com.studentapp.junit.CreateStudentsDataDrivenTest" time="0.04">
    <failure message="1 expectation failed.&#10;Expected status code &lt;201&gt; but was &lt;500&gt;.&#10;" type="java.lang.AssertionError"><![CDATA[java.lang.AssertionError: 
1 expectation failed.
Expected status code <201> but was <500>.

	at com.studentapp.junit.CreateStudentsDataDrivenTest.createMultipleStudents(CreateStudentsDataDrivenTest.java:86)
]]></failure>
  </testcase>
  <testcase name="createMultipleStudents[96]" classname="com.studentapp.junit.CreateStudentsDataDrivenTest" time="0.04">
    <failure message="1 expectation failed.&#10;Expected status code &lt;201&gt; but was &lt;500&gt;.&#10;" type="java.lang.AssertionError"><![CDATA[java.lang.AssertionError: 
1 expectation failed.
Expected status code <201> but was <500>.

	at com.studentapp.junit.CreateStudentsDataDrivenTest.createMultipleStudents(CreateStudentsDataDrivenTest.java:86)
]]></failure>
  </testcase>
  <testcase name="createMultipleStudents[99]" classname="com.studentapp.junit.CreateStudentsDataDrivenTest" time="0.008">
    <failure message="1 expectation failed.&#10;Expected status code &lt;201&gt; but was &lt;500&gt;.&#10;" type="java.lang.AssertionError"><![CDATA[java.lang.AssertionError: 
1 expectation failed.
Expected status code <201> but was <500>.

	at com.studentapp.junit.CreateStudentsDataDrivenTest.createMultipleStudents(CreateStudentsDataDrivenTest.java:86)
]]></failure>
    <system-out><![CDATA[10:23:29.099 [CreateStudentsDataDrivenTest-1-thread-13] ERROR n.t.c.steps.ConsoleLoggingListener - 
           __  _____ _____ ____ _____   _____ _    ___ _     _____ ____  
  _       / / |_   _| ____/ ___|_   _| |  ___/ \  |_ _| |   | ____|  _ \ 
 (_)_____| |    | | |  _| \___ \ | |   | |_ / _ \  | || |   |  _| | | | |
  _|_____| |    | | | |___ ___) || |   |  _/ ___ \ | || |___| |___| |_| |
 (_)     | |    |_| |_____|____/ |_|   |_|/_/   \_\___|_____|_____|____/ 
          \_\                                                            

TEST FAILED: DataDriven Test for adding multiple students to the Student App
--------------------------------------------------------------------------
10:23:29.099 [CreateStudentsDataDrivenTest-1-thread-13] DEBUG n.t.c.steps.ConsoleLoggingListener - RELATED ISSUES: 
10:23:29.099 [CreateStudentsDataDrivenTest-1-thread-13] ERROR n.t.c.steps.ConsoleLoggingListener - 1 expectation failed.Expected status code <201> but was <500>.
10:23:29.101 [CreateStudentsDataDrivenTest-1-thread-14] ERROR n.t.c.steps.ConsoleLoggingListener - 
           __  _____ _____ ____ _____   _____ _    ___ _     _____ ____  
  _       / / |_   _| ____/ ___|_   _| |  ___/ \  |_ _| |   | ____|  _ \ 
 (_)_____| |    | | |  _| \___ \ | |   | |_ / _ \  | || |   |  _| | | | |
  _|_____| |    | | | |___ ___) || |   |  _/ ___ \ | || |___| |___| |_| |
 (_)     | |    |_| |_____|____/ |_|   |_|/_/   \_\___|_____|_____|____/ 
          \_\                                                            

TEST FAILED: DataDriven Test for adding multiple students to the Student App
--------------------------------------------------------------------------
10:23:29.102 [CreateStudentsDataDrivenTest-1-thread-14] DEBUG n.t.c.steps.ConsoleLoggingListener - RELATED ISSUES: 
10:23:29.102 [CreateStudentsDataDrivenTest-1-thread-14] ERROR n.t.c.steps.ConsoleLoggingListener - 1 expectation failed.Expected status code <201> but was <500>.
10:23:29.103 [CreateStudentsDataDrivenTest-1-thread-2] ERROR n.t.c.steps.ConsoleLoggingListener - 
           __  _____ _____ ____ _____   _____ _    ___ _     _____ ____  
  _       / / |_   _| ____/ ___|_   _| |  ___/ \  |_ _| |   | ____|  _ \ 
 (_)_____| |    | | |  _| \___ \ | |   | |_ / _ \  | || |   |  _| | | | |
  _|_____| |    | | | |___ ___) || |   |  _/ ___ \ | || |___| |___| |_| |
 (_)     | |    |_| |_____|____/ |_|   |_|/_/   \_\___|_____|_____|____/ 
          \_\                                                            

TEST FAILED: DataDriven Test for adding multiple students to the Student App
--------------------------------------------------------------------------
10:23:29.103 [CreateStudentsDataDrivenTest-1-thread-2] DEBUG n.t.c.steps.ConsoleLoggingListener - RELATED ISSUES: 
10:23:29.104 [CreateStudentsDataDrivenTest-1-thread-2] ERROR n.t.c.steps.ConsoleLoggingListener - 1 expectation failed.Expected status code <201> but was <500>.
10:23:29.105 [CreateStudentsDataDrivenTest-1-thread-7] ERROR n.t.c.steps.ConsoleLoggingListener - 
           __  _____ _____ ____ _____   _____ _    ___ _     _____ ____  
  _       / / |_   _| ____/ ___|_   _| |  ___/ \  |_ _| |   | ____|  _ \ 
 (_)_____| |    | | |  _| \___ \ | |   | |_ / _ \  | || |   |  _| | | | |
  _|_____| |    | | | |___ ___) || |   |  _/ ___ \ | || |___| |___| |_| |
 (_)     | |    |_| |_____|____/ |_|   |_|/_/   \_\___|_____|_____|____/ 
          \_\                                                            

TEST FAILED: DataDriven Test for adding multiple students to the Student App
--------------------------------------------------------------------------
10:23:29.105 [CreateStudentsDataDrivenTest-1-thread-7] DEBUG n.t.c.steps.ConsoleLoggingListener - RELATED ISSUES: 
10:23:29.105 [CreateStudentsDataDrivenTest-1-thread-7] ERROR n.t.c.steps.ConsoleLoggingListener - 1 expectation failed.Expected status code <201> but was <500>.
10:23:29.107 [CreateStudentsDataDrivenTest-1-thread-15] ERROR n.t.c.steps.ConsoleLoggingListener - 
           __  _____ _____ ____ _____   _____ _    ___ _     _____ ____  
  _       / / |_   _| ____/ ___|_   _| |  ___/ \  |_ _| |   | ____|  _ \ 
 (_)_____| |    | | |  _| \___ \ | |   | |_ / _ \  | || |   |  _| | | | |
  _|_____| |    | | | |___ ___) || |   |  _/ ___ \ | || |___| |___| |_| |
 (_)     | |    |_| |_____|____/ |_|   |_|/_/   \_\___|_____|_____|____/ 
          \_\                                                            

TEST FAILED: DataDriven Test for adding multiple students to the Student App
--------------------------------------------------------------------------
10:23:29.107 [CreateStudentsDataDrivenTest-1-thread-15] DEBUG n.t.c.steps.ConsoleLoggingListener - RELATED ISSUES: 
10:23:29.107 [CreateStudentsDataDrivenTest-1-thread-15] ERROR n.t.c.steps.ConsoleLoggingListener - 1 expectation failed.Expected status code <201> but was <500>.
10:23:29.108 [CreateStudentsDataDrivenTest-1-thread-3] ERROR n.t.c.steps.ConsoleLoggingListener - 
           __  _____ _____ ____ _____   _____ _    ___ _     _____ ____  
  _       / / |_   _| ____/ ___|_   _| |  ___/ \  |_ _| |   | ____|  _ \ 
 (_)_____| |    | | |  _| \___ \ | |   | |_ / _ \  | || |   |  _| | | | |
  _|_____| |    | | | |___ ___) || |   |  _/ ___ \ | || |___| |___| |_| |
 (_)     | |    |_| |_____|____/ |_|   |_|/_/   \_\___|_____|_____|____/ 
          \_\                                                            

TEST FAILED: DataDriven Test for adding multiple students to the Student App
--------------------------------------------------------------------------
10:23:29.109 [CreateStudentsDataDrivenTest-1-thread-3] DEBUG n.t.c.steps.ConsoleLoggingListener - RELATED ISSUES: 
10:23:29.109 [CreateStudentsDataDrivenTest-1-thread-3] ERROR n.t.c.steps.ConsoleLoggingListener - 1 expectation failed.Expected status code <201> but was <500>.
10:23:29.110 [CreateStudentsDataDrivenTest-1-thread-9] ERROR n.t.c.steps.ConsoleLoggingListener - 
           __  _____ _____ ____ _____   _____ _    ___ _     _____ ____  
  _       / / |_   _| ____/ ___|_   _| |  ___/ \  |_ _| |   | ____|  _ \ 
 (_)_____| |    | | |  _| \___ \ | |   | |_ / _ \  | || |   |  _| | | | |
  _|_____| |    | | | |___ ___) || |   |  _/ ___ \ | || |___| |___| |_| |
 (_)     | |    |_| |_____|____/ |_|   |_|/_/   \_\___|_____|_____|____/ 
          \_\                                                            

TEST FAILED: DataDriven Test for adding multiple students to the Student App
--------------------------------------------------------------------------
10:23:29.110 [CreateStudentsDataDrivenTest-1-thread-9] DEBUG n.t.c.steps.ConsoleLoggingListener - RELATED ISSUES: 
10:23:29.111 [CreateStudentsDataDrivenTest-1-thread-9] ERROR n.t.c.steps.ConsoleLoggingListener - 1 expectation failed.Expected status code <201> but was <500>.
10:23:29.112 [CreateStudentsDataDrivenTest-1-thread-8] ERROR n.t.c.steps.ConsoleLoggingListener - 
           __  _____ _____ ____ _____   _____ _    ___ _     _____ ____  
  _       / / |_   _| ____/ ___|_   _| |  ___/ \  |_ _| |   | ____|  _ \ 
 (_)_____| |    | | |  _| \___ \ | |   | |_ / _ \  | || |   |  _| | | | |
  _|_____| |    | | | |___ ___) || |   |  _/ ___ \ | || |___| |___| |_| |
 (_)     | |    |_| |_____|____/ |_|   |_|/_/   \_\___|_____|_____|____/ 
          \_\                                                            

TEST FAILED: DataDriven Test for adding multiple students to the Student App
--------------------------------------------------------------------------
10:23:29.112 [CreateStudentsDataDrivenTest-1-thread-8] DEBUG n.t.c.steps.ConsoleLoggingListener - RELATED ISSUES: 
10:23:29.112 [CreateStudentsDataDrivenTest-1-thread-8] ERROR n.t.c.steps.ConsoleLoggingListener - 1 expectation failed.Expected status code <201> but was <500>.
10:23:29.113 [CreateStudentsDataDrivenTest-1-thread-12] DEBUG n.thucydides.core.steps.StepEventBus - Test suite started for class com.studentapp.junit.CreateStudentsDataDrivenTest
10:23:29.114 [CreateStudentsDataDrivenTest-1-thread-12] INFO  n.t.c.steps.ConsoleLoggingListener - Test Suite Started: Create students data driven test
10:23:29.114 [CreateStudentsDataDrivenTest-1-thread-12] INFO  n.t.c.steps.ConsoleLoggingListener - 
 _____ _____ ____ _____   ____ _____  _    ____ _____ _____ ____  
|_   _| ____/ ___|_   _| / ___|_   _|/ \  |  _ \_   _| ____|  _ \ 
  | | |  _| \___ \ | |   \___ \ | | / _ \ | |_) || | |  _| | | | |
  | | | |___ ___) || |    ___) || |/ ___ \|  _ < | | | |___| |_| |
  |_| |_____|____/ |_|   |____/ |_/_/   \_\_| \_\|_| |_____|____/ 
                                                                  

TEST STARTED: createMultipleStudents[99]
-------------------------------------------------------------------
10:23:29.114 [CreateStudentsDataDrivenTest-1-thread-12] INFO  net.serenitybdd.core.Serenity - TEST NUMBER: 100
10:23:29.116 [CreateStudentsDataDrivenTest-1-thread-12] DEBUG n.t.core.steps.StepInterceptor - STARTING STEP: CreateStudentsDataDrivenTest.createMultipleStudents - Creating student with firstName:{0}, lastName:{1}, email:{2}, programme{3}, courses:{4}
10:23:29.117 [CreateStudentsDataDrivenTest-1-thread-6] ERROR n.t.c.steps.ConsoleLoggingListener - 
           __  _____ _____ ____ _____   _____ _    ___ _     _____ ____  
  _       / / |_   _| ____/ ___|_   _| |  ___/ \  |_ _| |   | ____|  _ \ 
 (_)_____| |    | | |  _| \___ \ | |   | |_ / _ \  | || |   |  _| | | | |
  _|_____| |    | | | |___ ___) || |   |  _/ ___ \ | || |___| |___| |_| |
 (_)     | |    |_| |_____|____/ |_|   |_|/_/   \_\___|_____|_____|____/ 
          \_\                                                            

TEST FAILED: DataDriven Test for adding multiple students to the Student App
--------------------------------------------------------------------------
10:23:29.117 [CreateStudentsDataDrivenTest-1-thread-6] DEBUG n.t.c.steps.ConsoleLoggingListener - RELATED ISSUES: 
10:23:29.118 [CreateStudentsDataDrivenTest-1-thread-6] ERROR n.t.c.steps.ConsoleLoggingListener - 1 expectation failed.Expected status code <201> but was <500>.
10:23:29.152 [CreateStudentsDataDrivenTest-1-thread-12] DEBUG n.t.core.steps.StepInterceptor - STEP DONE: Creating student with firstName:{0}, lastName:{1}, email:{2}, programme{3}, courses:{4}
]]></system-out>
  </testcase>
</testsuite>